<?xml version="1.0" encoding="UTF-8"?>
<!-- Generated by org.testng.reporters.JUnitXMLReporter -->
<testsuite ignored="1" hostname="AILT-100247" failures="0" tests="1" name="BMRMasterprepreqApproval" time="60.05" errors="0" timestamp="2024-12-20T09:53:33 IST">
  <testcase classname="com.QADocCellTestRunner.BMRMasterPreparationRequestApprovalorRejection" name="bmrmasterreqapproval" time="54.613"/>
  <testcase classname="com.QADocCellTestRunner.BMRMasterPreparationRequestApprovalorRejection" name="bmrmasterreqrejection" time="0.0">
    <ignored/>
  </testcase> <!-- bmrmasterreqrejection -->
</testsuite> <!-- BMRMasterprepreqApproval -->
