<?xml version="1.0" encoding="UTF-8"?>
<!-- Generated by org.testng.reporters.JUnitXMLReporter -->
<testsuite ignored="1" hostname="AILT-100247" failures="0" tests="1" name="batchcompletioninitiation" time="53.179" errors="0" timestamp="2024-12-18T16:24:56 IST">
  <testcase classname="com.ProductionExecutiveTestRunner.BMRBatchCompletionInitiationbyExe" name="batchinitiation" time="46.162"/>
  <testcase classname="com.ProductionExecutiveTestRunner.BMRBatchCompletionInitiationbyExe" name="batchReinitiation" time="0.0">
    <ignored/>
  </testcase> <!-- batchReinitiation -->
</testsuite> <!-- batchcompletioninitiation -->
