<?xml version="1.0" encoding="UTF-8"?>
<!-- Generated by org.testng.reporters.JUnitXMLReporter -->
<testsuite ignored="5" hostname="AILT-100247" failures="0" tests="1" name="=EnableMarket" time="53.408" errors="0" timestamp="2024-10-08T12:12:30 IST">
  <testcase classname="com.MastersTestRunner.MarketTestRunner" name="marketdisableenable" time="47.989"/>
  <testcase classname="com.MastersTestRunner.MarketTestRunner" name="updatemarketwithspace" time="0.0">
    <ignored/>
  </testcase> <!-- updatemarketwithspace -->
  <testcase classname="com.MastersTestRunner.MarketTestRunner" name="Marketcreation" time="0.0">
    <ignored/>
  </testcase> <!-- Marketcreation -->
  <testcase classname="com.MastersTestRunner.MarketTestRunner" name="Marketcreatewithspace" time="0.0">
    <ignored/>
  </testcase> <!-- Marketcreatewithspace -->
  <testcase classname="com.MastersTestRunner.MarketTestRunner" name="existedmarketcreation" time="0.0">
    <ignored/>
  </testcase> <!-- existedmarketcreation -->
  <testcase classname="com.MastersTestRunner.MarketTestRunner" name="marketupdate" time="0.0">
    <ignored/>
  </testcase> <!-- marketupdate -->
</testsuite> <!-- =EnableMarket -->
