<?xml version="1.0" encoding="UTF-8"?>
<!-- Generated by org.testng.reporters.JUnitXMLReporter -->
<testsuite ignored="5" hostname="AILT-100247" failures="0" tests="1" name="=MarketUpdate" time="66.434" errors="0" timestamp="2024-12-16T14:26:20 IST">
  <testcase classname="com.MastersTestRunner.MarketTestRunner" name="marketupdate" time="57.056"/>
  <testcase classname="com.MastersTestRunner.MarketTestRunner" name="marketcreatewithspace" time="0.0">
    <ignored/>
  </testcase> <!-- marketcreatewithspace -->
  <testcase classname="com.MastersTestRunner.MarketTestRunner" name="existedmarketcreation" time="0.0">
    <ignored/>
  </testcase> <!-- existedmarketcreation -->
  <testcase classname="com.MastersTestRunner.MarketTestRunner" name="marketdisableenable" time="0.0">
    <ignored/>
  </testcase> <!-- marketdisableenable -->
  <testcase classname="com.MastersTestRunner.MarketTestRunner" name="marketcreation" time="0.0">
    <ignored/>
  </testcase> <!-- marketcreation -->
  <testcase classname="com.MastersTestRunner.MarketTestRunner" name="updatemarketwithspace" time="0.0">
    <ignored/>
  </testcase> <!-- updatemarketwithspace -->
</testsuite> <!-- =MarketUpdate -->
