<?xml version="1.0" encoding="UTF-8"?>
<!-- Generated by org.testng.reporters.JUnitXMLReporter -->
<testsuite ignored="2" hostname="AITHCLT046" failures="0" tests="1" name="additionalPageInitiation" time="58.174" errors="0" timestamp="2025-05-02T16:07:30 IST">
  <testcase classname="com.ProductionExecutiveTestRunner.BMRAdditionalPagePrintReqInitiation" name="additionalPageInitiation" time="52.194"/>
  <testcase classname="com.ProductionExecutiveTestRunner.BMRAdditionalPagePrintReqInitiation" name="additionalPageAcknowledgment" time="0.0">
    <ignored/>
  </testcase> <!-- additionalPageAcknowledgment -->
  <testcase classname="com.ProductionExecutiveTestRunner.BMRAdditionalPagePrintReqInitiation" name="additionalPageReInitiation" time="0.0">
    <ignored/>
  </testcase> <!-- additionalPageReInitiation -->
</testsuite> <!-- additionalPageInitiation -->
