<?xml version="1.0" encoding="UTF-8"?>
<!-- Generated by org.testng.reporters.JUnitXMLReporter -->
<testsuite ignored="2" hostname="AILT-100247" failures="0" tests="1" name="additionalPageReInitiation1" time="4.014" errors="0" timestamp="2025-01-25T13:21:10 IST">
  <testcase classname="com.ProductionExecutiveTestRunner.BMRAdditionalPagePrintReqInitiation" name="additionalPageReInitiation" time="0.001">
    <skipped/>
  </testcase> <!-- additionalPageReInitiation -->
  <testcase classname="com.ProductionExecutiveTestRunner.BMRAdditionalPagePrintReqInitiation" name="additionalPageInitiation" time="0.0">
    <ignored/>
  </testcase> <!-- additionalPageInitiation -->
  <testcase classname="com.ProductionExecutiveTestRunner.BMRAdditionalPagePrintReqInitiation" name="additionalPageAcknowledgment" time="0.0">
    <ignored/>
  </testcase> <!-- additionalPageAcknowledgment -->
</testsuite> <!-- additionalPageReInitiation1 -->
