<?xml version="1.0" encoding="UTF-8"?>
<!-- Generated by org.testng.reporters.JUnitXMLReporter -->
<testsuite ignored="1" hostname="AITHCLT046" failures="0" tests="1" name="AdditionalrePrintInitiation" time="80.754" errors="0" timestamp="2025-05-02T16:46:18 IST">
  <testcase classname="com.QAOfficerTestRunner.AdditionalPageRePrintReqInitiation" name="AdditionalrePrintInitiation" time="74.586"/>
  <testcase classname="com.QAOfficerTestRunner.AdditionalPageRePrintReqInitiation" name="AdditionalrePrintReInitiation" time="0.0">
    <ignored/>
  </testcase> <!-- AdditionalrePrintReInitiation -->
</testsuite> <!-- AdditionalrePrintInitiation -->
