<?xml version="1.0" encoding="UTF-8"?>
<!-- Generated by org.testng.reporters.JUnitXMLReporter -->
<testsuite ignored="2" hostname="AILT-100247" failures="0" tests="1" name="additionalPageIssue" time="50.497" errors="0" timestamp="2024-12-23T14:26:39 IST">
  <testcase classname="com.QAOfficerTestRunner.BMRAdditionalPagePrintIssueandPrint" name="additionalPageIssue" time="43.88"/>
  <testcase classname="com.QAOfficerTestRunner.BMRAdditionalPagePrintIssueandPrint" name="additionalPagePrintReject" time="0.0">
    <ignored/>
  </testcase> <!-- additionalPagePrintReject -->
  <testcase classname="com.QAOfficerTestRunner.BMRAdditionalPagePrintIssueandPrint" name="additionalPagePrint" time="0.0">
    <ignored/>
  </testcase> <!-- additionalPagePrint -->
</testsuite> <!-- additionalPageIssue -->
