<?xml version="1.0" encoding="UTF-8"?>
<!-- Generated by org.testng.reporters.JUnitXMLReporter -->
<testsuite ignored="2" hostname="AITHCLT046" failures="0" tests="1" name="additionalPageReview1" time="29.878" errors="0" timestamp="2025-02-01T17:25:04 IST">
  <testcase classname="com.ProductionInchargeTestRunner.BMRAdditionalPageReview" name="additionalPageReview" time="25.02"/>
  <testcase classname="com.ProductionInchargeTestRunner.BMRAdditionalPageReview" name="additionalPageReject" time="0.0">
    <ignored/>
  </testcase> <!-- additionalPageReject -->
  <testcase classname="com.ProductionInchargeTestRunner.BMRAdditionalPageReview" name="additionalPageReturn" time="0.0">
    <ignored/>
  </testcase> <!-- additionalPageReturn -->
</testsuite> <!-- additionalPageReview1 -->
