<?xml version="1.0" encoding="UTF-8"?>
<!-- Generated by org.testng.reporters.JUnitXMLReporter -->
<testsuite ignored="2" hostname="AILT-100247" failures="0" tests="1" name="additionalPageReview1" time="5.181" errors="0" timestamp="2024-12-20T17:57:53 IST">
  <testcase classname="com.ProductionInchargeTestRunner.BMRAdditionalPageReview" name="additionalPageReview" time="0.0">
    <skipped/>
  </testcase> <!-- additionalPageReview -->
  <testcase classname="com.ProductionInchargeTestRunner.BMRAdditionalPageReview" name="additionalPageReturn" time="0.0">
    <ignored/>
  </testcase> <!-- additionalPageReturn -->
  <testcase classname="com.ProductionInchargeTestRunner.BMRAdditionalPageReview" name="additionalPageReject" time="0.0">
    <ignored/>
  </testcase> <!-- additionalPageReject -->
</testsuite> <!-- additionalPageReview1 -->
