<?xml version="1.0" encoding="UTF-8"?>
<!-- Generated by org.testng.reporters.JUnitXMLReporter -->
<testsuite ignored="2" hostname="AITHCLT046" failures="0" tests="1" name="additionalPageApproval" time="30.109" errors="0" timestamp="2025-05-02T16:06:10 IST">
  <testcase classname="com.IPQATestRunner.BMRAdditionalPageApproval" name="additionalPageApproval" time="25.628"/>
  <testcase classname="com.IPQATestRunner.BMRAdditionalPageApproval" name="additionalPageReturnbyIPQA" time="0.0">
    <ignored/>
  </testcase> <!-- additionalPageReturnbyIPQA -->
  <testcase classname="com.IPQATestRunner.BMRAdditionalPageApproval" name="additionalPageRejection" time="0.0">
    <ignored/>
  </testcase> <!-- additionalPageRejection -->
</testsuite> <!-- additionalPageApproval -->
