<?xml version="1.0" encoding="UTF-8"?>
<!-- Generated by org.testng.reporters.JUnitXMLReporter -->
<testsuite ignored="2" hostname="AILT-100247" failures="0" tests="1" name="additionalPageReturn" time="5.69" errors="0" timestamp="2025-01-25T13:20:54 IST">
  <testcase classname="com.ProductionInchargeTestRunner.BMRAdditionalPageReview" name="additionalPageReturn" time="0.0">
    <skipped/>
  </testcase> <!-- additionalPageReturn -->
  <testcase classname="com.ProductionInchargeTestRunner.BMRAdditionalPageReview" name="additionalPageReject" time="0.0">
    <ignored/>
  </testcase> <!-- additionalPageReject -->
  <testcase classname="com.ProductionInchargeTestRunner.BMRAdditionalPageReview" name="additionalPageReview" time="0.0">
    <ignored/>
  </testcase> <!-- additionalPageReview -->
</testsuite> <!-- additionalPageReturn -->
