<?xml version="1.0" encoding="UTF-8"?>
<!-- Generated by org.testng.reporters.JUnitXMLReporter -->
<testsuite ignored="1" hostname="AILT-100247" failures="0" tests="1" name="additionalPageReturnbyIPQA" time="52.572" errors="0" timestamp="2024-12-23T14:23:12 IST">
  <testcase classname="com.IPQATestRunner.BMRAdditionalPageApproval" name="additionalPageReturnbyIPQA" time="42.977"/>
  <testcase classname="com.IPQATestRunner.BMRAdditionalPageApproval" name="additionalPageApproval" time="0.0">
    <ignored/>
  </testcase> <!-- additionalPageApproval -->
</testsuite> <!-- additionalPageReturnbyIPQA -->
