<?xml version="1.0" encoding="UTF-8"?>
<!-- Generated by org.testng.reporters.JUnitXMLReporter -->
<testsuite ignored="2" hostname="AILT-100247" failures="0" tests="1" name="additionalPageAcknowledgment" time="3.735" errors="0" timestamp="2025-01-24T17:44:51 IST">
  <testcase classname="com.ProductionExecutiveTestRunner.BMRAdditionalPagePrintReqInitiation" name="additionalPageAcknowledgment" time="0.0">
    <skipped/>
  </testcase> <!-- additionalPageAcknowledgment -->
  <testcase classname="com.ProductionExecutiveTestRunner.BMRAdditionalPagePrintReqInitiation" name="additionalPageReInitiation" time="0.0">
    <ignored/>
  </testcase> <!-- additionalPageReInitiation -->
  <testcase classname="com.ProductionExecutiveTestRunner.BMRAdditionalPagePrintReqInitiation" name="additionalPageInitiation" time="0.0">
    <ignored/>
  </testcase> <!-- additionalPageInitiation -->
</testsuite> <!-- additionalPageAcknowledgment -->
