<?xml version="1.0" encoding="UTF-8"?>
<!-- Generated by org.testng.reporters.JUnitXMLReporter -->
<testsuite ignored="2" hostname="AITHCLT046" failures="0" tests="1" name="afterPrintcancelReturn1" time="38.755" errors="0" timestamp="2025-02-01T17:18:32 IST">
  <testcase classname="com.QAHODorInchargeTestRunner.BMRAfterPrintCancelApprovalRejection" name="afterPrintcancelReturn" time="34.031"/>
  <testcase classname="com.QAHODorInchargeTestRunner.BMRAfterPrintCancelApprovalRejection" name="afterPrintcancelReject" time="0.0">
    <ignored/>
  </testcase> <!-- afterPrintcancelReject -->
  <testcase classname="com.QAHODorInchargeTestRunner.BMRAfterPrintCancelApprovalRejection" name="afterPrintcancelApproval" time="0.0">
    <ignored/>
  </testcase> <!-- afterPrintcancelApproval -->
</testsuite> <!-- afterPrintcancelReturn1 -->
