<?xml version="1.0" encoding="UTF-8"?>
<!-- Generated by org.testng.reporters.JUnitXMLReporter -->
<testsuite ignored="2" hostname="AITHCLT046" failures="0" tests="1" name="afterPrintCancelReview1" time="40.124" errors="0" timestamp="2025-05-02T10:24:41 IST">
  <testcase classname="com.ProductionInchargeTestRunner.BMRAfterPrintCancellationReview" name="afterPrintCancelReview" time="35.118"/>
  <testcase classname="com.ProductionInchargeTestRunner.BMRAfterPrintCancellationReview" name="afterPrintCancelReject" time="0.0">
    <ignored/>
  </testcase> <!-- afterPrintCancelReject -->
  <testcase classname="com.ProductionInchargeTestRunner.BMRAfterPrintCancellationReview" name="afterPrintCancelReturn" time="0.0">
    <ignored/>
  </testcase> <!-- afterPrintCancelReturn -->
</testsuite> <!-- afterPrintCancelReview1 -->
