<?xml version="1.0" encoding="UTF-8"?>
<!-- Generated by org.testng.reporters.JUnitXMLReporter -->
<testsuite ignored="2" hostname="AITHCLT046" failures="0" tests="1" name="afterPrintCancelReview1" time="39.397" errors="0" timestamp="2025-02-07T12:30:48 IST">
  <testcase classname="com.ProductionInchargeTestRunner.BPRAfterCancellationReview" name="afterPrintCancelReview" time="34.417"/>
  <testcase classname="com.ProductionInchargeTestRunner.BPRAfterCancellationReview" name="afterPrintCancelReturn" time="0.0">
    <ignored/>
  </testcase> <!-- afterPrintCancelReturn -->
  <testcase classname="com.ProductionInchargeTestRunner.BPRAfterCancellationReview" name="afterPrintCancelReject" time="0.0">
    <ignored/>
  </testcase> <!-- afterPrintCancelReject -->
</testsuite> <!-- afterPrintCancelReview1 -->
