<?xml version="1.0" encoding="UTF-8"?>
<!-- Generated by org.testng.reporters.JUnitXMLReporter -->
<testsuite ignored="1" hostname="AILT-100247" failures="0" tests="1" name="afterPrintCancelInitiation" time="52.987" errors="0" timestamp="2025-01-25T13:09:28 IST">
  <testcase classname="com.ProductionExecutiveTestRunner.BMRAfterPrintCancellation" name="afterPrintCancelInitiation" time="41.263"/>
  <testcase classname="com.ProductionExecutiveTestRunner.BMRAfterPrintCancellation" name="afterPrintCancelReInitiation" time="0.0">
    <ignored/>
  </testcase> <!-- afterPrintCancelReInitiation -->
</testsuite> <!-- afterPrintCancelInitiation -->
