<?xml version="1.0" encoding="UTF-8"?>
<!-- Generated by org.testng.reporters.JUnitXMLReporter -->
<testsuite ignored="2" hostname="AILT-100247" failures="0" tests="1" name="batchcoompletionApproval" time="46.506" errors="0" timestamp="2025-01-21T09:30:18 IST">
  <testcase classname="com.QAOfficerTestRunner.BMRBatchCompletionApprovalbyQAOfficer" name="batchcoompletionApproval" time="39.071"/>
  <testcase classname="com.QAOfficerTestRunner.BMRBatchCompletionApprovalbyQAOfficer" name="batchcoompletionReturntoipqa" time="0.0">
    <ignored/>
  </testcase> <!-- batchcoompletionReturntoipqa -->
  <testcase classname="com.QAOfficerTestRunner.BMRBatchCompletionApprovalbyQAOfficer" name="batchcoompletionReturntoexe" time="0.0">
    <ignored/>
  </testcase> <!-- batchcoompletionReturntoexe -->
</testsuite> <!-- batchcoompletionApproval -->
