<?xml version="1.0" encoding="UTF-8"?>
<!-- Generated by org.testng.reporters.JUnitXMLReporter -->
<testsuite ignored="2" hostname="AILT-100247" failures="0" tests="1" name="batchcoompletionReturntoipqa" time="39.743" errors="0" timestamp="2025-01-20T17:29:51 IST">
  <testcase classname="com.QAOfficerTestRunner.BMRBatchCompletionApprovalbyQAOfficer" name="batchcoompletionReturntoipqa" time="33.766"/>
  <testcase classname="com.QAOfficerTestRunner.BMRBatchCompletionApprovalbyQAOfficer" name="batchcoompletionApproval" time="0.0">
    <ignored/>
  </testcase> <!-- batchcoompletionApproval -->
  <testcase classname="com.QAOfficerTestRunner.BMRBatchCompletionApprovalbyQAOfficer" name="batchcoompletionReturntoexe" time="0.0">
    <ignored/>
  </testcase> <!-- batchcoompletionReturntoexe -->
</testsuite> <!-- batchcoompletionReturntoipqa -->
