<?xml version="1.0" encoding="UTF-8"?>
<!-- Generated by org.testng.reporters.JUnitXMLReporter -->
<testsuite ignored="3" hostname="AILT-100247" failures="1" tests="1" name="batchinitiation" time="102.457" errors="0" timestamp="2025-01-25T11:41:57 IST">
  <testcase classname="com.ProductionExecutiveTestRunner.BMRBatchCompletionInitiationbyExe" name="batchinitiation" time="86.272">
    <failure type="java.lang.AssertionError" message="null">
      <![CDATA[java.lang.AssertionError: null
at com.ProductionExecutiveTestRunner.BMRBatchCompletionInitiationbyExe.batchinitiation(BMRBatchCompletionInitiationbyExe.java:41)
at java.base/java.util.ArrayList.forEach(ArrayList.java:1511)
... Removed 29 stack frames]]>
    </failure>
  </testcase> <!-- batchinitiation -->
  <testcase classname="com.ProductionExecutiveTestRunner.BMRBatchCompletionInitiationbyExe" name="batchReinitiation" time="0.0">
    <ignored/>
  </testcase> <!-- batchReinitiation -->
  <testcase classname="com.ProductionExecutiveTestRunner.BMRBatchCompletionInitiationbyExe" name="bulkbatchinitiation" time="0.0">
    <ignored/>
  </testcase> <!-- bulkbatchinitiation -->
  <testcase classname="com.ProductionExecutiveTestRunner.BMRBatchCompletionInitiationbyExe" name="bulkbatchReinitiation" time="0.0">
    <ignored/>
  </testcase> <!-- bulkbatchReinitiation -->
</testsuite> <!-- batchinitiation -->
