<?xml version="1.0" encoding="UTF-8"?>
<!-- Generated by org.testng.reporters.JUnitXMLReporter -->
<testsuite ignored="2" hostname="AITHCLT046" failures="1" tests="1" name="batchCompletionReview" time="22.734" errors="0" timestamp="2025-05-13T17:36:04 IST">
  <testcase classname="com.IPQATestRunner.BPRBatchClosureReview" name="batchCompletionReview" time="20.292">
    <failure type="org.openqa.selenium.ElementClickInterceptedException" message="element click intercepted: Element &amp;lt;button _ngcontent-ng-c3508981165=&amp;quot;&amp;quot; data-toggle=&amp;quot;modal&amp;quot; data-target=&amp;quot;#confirmation&amp;quot; data-dismiss=&amp;quot;modal&amp;quot; class=&amp;quot;btn successBtn btn-block mt-0&amp;quot;&amp;gt;...&amp;lt;/button&amp;gt; is not clickable at point (991, 510). Other element would receive the click: &amp;lt;div _ngcontent-ng-c1187683609=&amp;quot;&amp;quot; id=&amp;quot;myModal&amp;quot; role=&amp;quot;dialog&amp;quot; data-backdrop=&amp;quot;false&amp;quot; class=&amp;quot;modalW newForm ng-star-inserted&amp;quot;&amp;gt;...&amp;lt;/div&amp;gt;
  (Session info: chrome=136.0.7103.93)
Build info: version: &amp;apos;4.27.0&amp;apos;, revision: &amp;apos;d6e718d134&amp;apos;
System info: os.name: &amp;apos;Windows 11&amp;apos;, os.arch: &amp;apos;amd64&amp;apos;, os.version: &amp;apos;10.0&amp;apos;, java.version: &amp;apos;23.0.1&amp;apos;
Driver info: org.openqa.selenium.chrome.ChromeDriver
Command: [6595425f2d8bbe70786ef7376974632f, clickElement {id=f.FD7B573ECBAA57FE14A3799BF7B2AD68.d.40C168915384D03C9A3B315C3796CD01.e.113}]
Capabilities {acceptInsecureCerts: false, browserName: chrome, browserVersion: 136.0.7103.93, chrome: {chromedriverVersion: 136.0.7103.92 (cb81a4cc5087..., userDataDir: C:\Users\VAISHN~1.T\AppData...}, fedcm:accounts: true, goog:chromeOptions: {debuggerAddress: localhost:53400}, networkConnectionEnabled: false, pageLoadStrategy: normal, platformName: windows, proxy: Proxy(), se:cdp: ws://localhost:53400/devtoo..., se:cdpVersion: 136.0.7103.93, setWindowRect: true, strictFileInteractability: false, timeouts: {implicit: 0, pageLoad: 300000, script: 30000}, unhandledPromptBehavior: dismiss and notify, webauthn:extension:credBlob: true, webauthn:extension:largeBlob: true, webauthn:extension:minPinLength: true, webauthn:extension:prf: true, webauthn:virtualAuthenticators: true}
Element: [[ChromeDriver: chrome on windows (6595425f2d8bbe70786ef7376974632f)] -&amp;gt; xpath: //button[text()=&amp;apos; Submit &amp;apos;]]
Session ID: 6595425f2d8bbe70786ef7376974632f">
      <![CDATA[org.openqa.selenium.ElementClickInterceptedException: element click intercepted: Element <button _ngcontent-ng-c3508981165="" data-toggle="modal" data-target="#confirmation" data-dismiss="modal" class="btn successBtn btn-block mt-0">...</button> is not clickable at point (991, 510). Other element would receive the click: <div _ngcontent-ng-c1187683609="" id="myModal" role="dialog" data-backdrop="false" class="modalW newForm ng-star-inserted">...</div>
  (Session info: chrome=136.0.7103.93)
Build info: version: '4.27.0', revision: 'd6e718d134'
System info: os.name: 'Windows 11', os.arch: 'amd64', os.version: '10.0', java.version: '23.0.1'
Driver info: org.openqa.selenium.chrome.ChromeDriver
Command: [6595425f2d8bbe70786ef7376974632f, clickElement {id=f.FD7B573ECBAA57FE14A3799BF7B2AD68.d.40C168915384D03C9A3B315C3796CD01.e.113}]
Capabilities {acceptInsecureCerts: false, browserName: chrome, browserVersion: 136.0.7103.93, chrome: {chromedriverVersion: 136.0.7103.92 (cb81a4cc5087..., userDataDir: C:\Users\VAISHN~1.T\AppData...}, fedcm:accounts: true, goog:chromeOptions: {debuggerAddress: localhost:53400}, networkConnectionEnabled: false, pageLoadStrategy: normal, platformName: windows, proxy: Proxy(), se:cdp: ws://localhost:53400/devtoo..., se:cdpVersion: 136.0.7103.93, setWindowRect: true, strictFileInteractability: false, timeouts: {implicit: 0, pageLoad: 300000, script: 30000}, unhandledPromptBehavior: dismiss and notify, webauthn:extension:credBlob: true, webauthn:extension:largeBlob: true, webauthn:extension:minPinLength: true, webauthn:extension:prf: true, webauthn:virtualAuthenticators: true}
Element: [[ChromeDriver: chrome on windows (6595425f2d8bbe70786ef7376974632f)] -> xpath: //button[text()=' Submit ']]
Session ID: 6595425f2d8bbe70786ef7376974632f
at org.openqa.selenium.remote.ErrorCodec.decode(ErrorCodec.java:167)
at org.openqa.selenium.remote.codec.w3c.W3CHttpResponseCodec.decode(W3CHttpResponseCodec.java:138)
at org.openqa.selenium.remote.codec.w3c.W3CHttpResponseCodec.decode(W3CHttpResponseCodec.java:50)
at org.openqa.selenium.remote.HttpCommandExecutor.execute(HttpCommandExecutor.java:190)
at org.openqa.selenium.remote.service.DriverCommandExecutor.invokeExecute(DriverCommandExecutor.java:216)
at org.openqa.selenium.remote.service.DriverCommandExecutor.execute(DriverCommandExecutor.java:174)
at org.openqa.selenium.remote.RemoteWebDriver.execute(RemoteWebDriver.java:545)
at org.openqa.selenium.remote.RemoteWebElement.execute(RemoteWebElement.java:223)
at org.openqa.selenium.remote.RemoteWebElement.click(RemoteWebElement.java:76)
at org.openqa.selenium.support.pagefactory.internal.LocatingElementHandler.invoke(LocatingElementHandler.java:51)
at jdk.proxy2/jdk.proxy2.$Proxy33.click(Unknown Source)
at com.BasicData.BRMSCommonMethods.clickElement(BRMSCommonMethods.java:212)
at com.IPQAPageObjects.BMRBPRIPQABatchCompletionReview.submitactivity(BMRBPRIPQABatchCompletionReview.java:142)
at com.IPQATestRunner.BPRBatchClosureReview.batchCompletionReview(BPRBatchClosureReview.java:78)
at java.base/java.util.ArrayList.forEach(ArrayList.java:1597)
... Removed 30 stack frames]]>
    </failure>
  </testcase> <!-- batchCompletionReview -->
  <testcase classname="com.IPQATestRunner.BPRBatchClosureReview" name="batchCompletionReturn" time="0.0">
    <ignored/>
  </testcase> <!-- batchCompletionReturn -->
  <testcase classname="com.IPQATestRunner.BPRBatchClosureReview" name="batchCompletionReReview" time="0.0">
    <ignored/>
  </testcase> <!-- batchCompletionReReview -->
</testsuite> <!-- batchCompletionReview -->
