<?xml version="1.0" encoding="UTF-8"?>
<!-- Generated by org.testng.reporters.JUnitXMLReporter -->
<testsuite ignored="2" hostname="AITHCLT046" failures="0" tests="1" name="batchCompletionReReview" time="31.094" errors="0" timestamp="2025-02-01T17:29:31 IST">
  <testcase classname="com.IPQATestRunner.BatchCompletionReview" name="batchCompletionReReview" time="26.466"/>
  <testcase classname="com.IPQATestRunner.BatchCompletionReview" name="batchCompletionReview" time="0.0">
    <ignored/>
  </testcase> <!-- batchCompletionReview -->
  <testcase classname="com.IPQATestRunner.BatchCompletionReview" name="batchCompletionReturn" time="0.0">
    <ignored/>
  </testcase> <!-- batchCompletionReturn -->
</testsuite> <!-- batchCompletionReReview -->
