<?xml version="1.0" encoding="UTF-8"?>
<!-- Generated by org.testng.reporters.JUnitXMLReporter -->
<testsuite ignored="2" hostname="AILT-100247" failures="0" tests="1" name="batchCompletionReview" time="62.021" errors="0" timestamp="2024-12-20T11:58:07 IST">
  <testcase classname="com.IPQATestRunner.BPRBatchClosureReview" name="batchCompletionReview" time="45.243"/>
  <testcase classname="com.IPQATestRunner.BPRBatchClosureReview" name="batchCompletionReturn" time="0.0">
    <ignored/>
  </testcase> <!-- batchCompletionReturn -->
  <testcase classname="com.IPQATestRunner.BPRBatchClosureReview" name="batchCompletionReReview" time="0.0">
    <ignored/>
  </testcase> <!-- batchCompletionReReview -->
</testsuite> <!-- batchCompletionReview -->
