<?xml version="1.0" encoding="UTF-8"?>
<!-- Generated by org.testng.reporters.JUnitXMLReporter -->
<testsuite ignored="3" hostname="AITHCLT046" failures="0" tests="1" name="batchReinitiation" time="43.91" errors="0" timestamp="2025-02-06T10:52:21 IST">
  <testcase classname="com.ProductionExecutiveTestRunner.BMRBatchCompletionInitiationbyExe" name="batchReinitiation" time="39.124"/>
  <testcase classname="com.ProductionExecutiveTestRunner.BMRBatchCompletionInitiationbyExe" name="bulkbatchReinitiation" time="0.0">
    <ignored/>
  </testcase> <!-- bulkbatchReinitiation -->
  <testcase classname="com.ProductionExecutiveTestRunner.BMRBatchCompletionInitiationbyExe" name="batchinitiation" time="0.0">
    <ignored/>
  </testcase> <!-- batchinitiation -->
  <testcase classname="com.ProductionExecutiveTestRunner.BMRBatchCompletionInitiationbyExe" name="bulkbatchinitiation" time="0.0">
    <ignored/>
  </testcase> <!-- bulkbatchinitiation -->
</testsuite> <!-- batchReinitiation -->
