<?xml version="1.0" encoding="UTF-8"?>
<!-- Generated by org.testng.reporters.JUnitXMLReporter -->
<testsuite ignored="1" hostname="AITHCLT046" failures="0" tests="1" name="batchclosureApproval" time="39.029" errors="0" timestamp="2025-02-01T17:33:04 IST">
  <testcase classname="com.QAHODorInchargeTestRunner.BMRbatchClosureApproval" name="batchclosureApproval" time="34.155"/>
  <testcase classname="com.QAHODorInchargeTestRunner.BMRbatchClosureApproval" name="batchclosureReturn" time="0.0">
    <ignored/>
  </testcase> <!-- batchclosureReturn -->
</testsuite> <!-- batchclosureApproval -->
