<?xml version="1.0" encoding="UTF-8"?>
<!-- Generated by org.testng.reporters.JUnitXMLReporter -->
<testsuite ignored="2" hostname="AITHCLT046" failures="0" tests="1" name="batchCompletionReview" time="29.351" errors="0" timestamp="2025-02-07T15:42:10 IST">
  <testcase classname="com.IPQATestRunner.BPRBatchClosureReview" name="batchCompletionReview" time="24.23"/>
  <testcase classname="com.IPQATestRunner.BPRBatchClosureReview" name="batchCompletionReReview" time="0.0">
    <ignored/>
  </testcase> <!-- batchCompletionReReview -->
  <testcase classname="com.IPQATestRunner.BPRBatchClosureReview" name="batchCompletionReturn" time="0.0">
    <ignored/>
  </testcase> <!-- batchCompletionReturn -->
</testsuite> <!-- batchCompletionReview -->
