<?xml version="1.0" encoding="UTF-8"?>
<!-- Generated by org.testng.reporters.JUnitXMLReporter -->
<testsuite ignored="2" hostname="AITHCLT046" failures="0" tests="1" name="batchCompletionReview" time="26.489" errors="0" timestamp="2025-01-31T11:09:24 IST">
  <testcase classname="com.IPQATestRunner.BPRBatchClosureReview" name="batchCompletionReview" time="23.36"/>
  <testcase classname="com.IPQATestRunner.BPRBatchClosureReview" name="batchCompletionReReview" time="0.0">
    <ignored/>
  </testcase> <!-- batchCompletionReReview -->
  <testcase classname="com.IPQATestRunner.BPRBatchClosureReview" name="batchCompletionReturn" time="0.0">
    <ignored/>
  </testcase> <!-- batchCompletionReturn -->
</testsuite> <!-- batchCompletionReview -->
