<?xml version="1.0" encoding="UTF-8"?>
<!-- Generated by org.testng.reporters.JUnitXMLReporter -->
<testsuite ignored="1" hostname="AITHCLT046" failures="0" tests="1" name="BatchCorrectionReturn" time="39.085" errors="0" timestamp="2025-02-01T17:35:00 IST">
  <testcase classname="com.QAHODorInchargeTestRunner.BMRBatchCorrectionApproval" name="BatchCorrectionReturn" time="34.383"/>
  <testcase classname="com.QAHODorInchargeTestRunner.BMRBatchCorrectionApproval" name="BatchCorrectionApproval" time="0.0">
    <ignored/>
  </testcase> <!-- BatchCorrectionApproval -->
</testsuite> <!-- BatchCorrectionReturn -->
