<?xml version="1.0" encoding="UTF-8"?>
<!-- Generated by org.testng.reporters.JUnitXMLReporter -->
<testsuite ignored="1" hostname="AITHCLT046" failures="0" tests="1" name="batchclosureReturn" time="55.124" errors="0" timestamp="2025-05-15T10:53:05 IST">
  <testcase classname="com.QAHODorInchargeTestRunner.BMRbatchClosureApproval" name="batchclosureReturn" time="49.702"/>
  <testcase classname="com.QAHODorInchargeTestRunner.BMRbatchClosureApproval" name="batchclosureApproval" time="0.0">
    <ignored/>
  </testcase> <!-- batchclosureApproval -->
</testsuite> <!-- batchclosureReturn -->
