<?xml version="1.0" encoding="UTF-8"?>
<!-- Generated by org.testng.reporters.JUnitXMLReporter -->
<testsuite ignored="3" hostname="AILT-100247" failures="0" tests="1" name="batchReinitiation" time="50.185" errors="0" timestamp="2025-01-20T17:28:31 IST">
  <testcase classname="com.ProductionExecutiveTestRunner.BMRBatchCompletionInitiationbyExe" name="batchReinitiation" time="44.832"/>
  <testcase classname="com.ProductionExecutiveTestRunner.BMRBatchCompletionInitiationbyExe" name="bulkbatchReinitiation" time="0.0">
    <ignored/>
  </testcase> <!-- bulkbatchReinitiation -->
  <testcase classname="com.ProductionExecutiveTestRunner.BMRBatchCompletionInitiationbyExe" name="batchinitiation" time="0.0">
    <ignored/>
  </testcase> <!-- batchinitiation -->
  <testcase classname="com.ProductionExecutiveTestRunner.BMRBatchCompletionInitiationbyExe" name="bulkbatchinitiation" time="0.0">
    <ignored/>
  </testcase> <!-- bulkbatchinitiation -->
</testsuite> <!-- batchReinitiation -->
