<?xml version="1.0" encoding="UTF-8"?>
<!-- Generated by org.testng.reporters.JUnitXMLReporter -->
<testsuite ignored="2" hostname="AITHCLT046" failures="0" tests="1" name="batchcoompletionApproval" time="34.886" errors="0" timestamp="2025-02-07T15:42:45 IST">
  <testcase classname="com.QAOfficerTestRunner.BPRBatchCompletionApproval" name="batchcoompletionApproval" time="28.743"/>
  <testcase classname="com.QAOfficerTestRunner.BPRBatchCompletionApproval" name="batchcoompletionReturntoexe" time="0.0">
    <ignored/>
  </testcase> <!-- batchcoompletionReturntoexe -->
  <testcase classname="com.QAOfficerTestRunner.BPRBatchCompletionApproval" name="batchcoompletionReturntoipqa" time="0.0">
    <ignored/>
  </testcase> <!-- batchcoompletionReturntoipqa -->
</testsuite> <!-- batchcoompletionApproval -->
