<?xml version="1.0" encoding="UTF-8"?>
<!-- Generated by org.testng.reporters.JUnitXMLReporter -->
<testsuite ignored="2" hostname="AITHCLT046" failures="0" tests="1" name="beforePrintCancelRejection" time="35.67" errors="0" timestamp="2025-02-07T11:22:20 IST">
  <testcase classname="com.QAHODorInchargeTestRunner.BPRBeforePrintCancelApprovalorRejection" name="beforePrintCancelRejection" time="32.537"/>
  <testcase classname="com.QAHODorInchargeTestRunner.BPRBeforePrintCancelApprovalorRejection" name="beforePrintCancelReturn" time="0.0">
    <ignored/>
  </testcase> <!-- beforePrintCancelReturn -->
  <testcase classname="com.QAHODorInchargeTestRunner.BPRBeforePrintCancelApprovalorRejection" name="beforePrintCancelApproval" time="0.0">
    <ignored/>
  </testcase> <!-- beforePrintCancelApproval -->
</testsuite> <!-- beforePrintCancelRejection -->
