<?xml version="1.0" encoding="UTF-8"?>
<!-- Generated by org.testng.reporters.JUnitXMLReporter -->
<testsuite ignored="4" hostname="AITHCLT046" failures="0" tests="1" name="blisterproductInitiation" time="133.264" errors="0" timestamp="2025-01-30T10:06:38 IST">
  <testcase classname="com.InitiatorTestRunner.BPRProductDetailsInitiation" name="blisterproductInitiation" time="110.738"/>
  <testcase classname="com.InitiatorTestRunner.BPRProductDetailsInitiation" name="bottleproductInitiation" time="0.0">
    <ignored/>
  </testcase> <!-- bottleproductInitiation -->
  <testcase classname="com.InitiatorTestRunner.BPRProductDetailsInitiation" name="bottleproductReInitiation" time="0.0">
    <ignored/>
  </testcase> <!-- bottleproductReInitiation -->
  <testcase classname="com.InitiatorTestRunner.BPRProductDetailsInitiation" name="blisterproductReInitiation" time="0.0">
    <ignored/>
  </testcase> <!-- blisterproductReInitiation -->
  <testcase classname="com.InitiatorTestRunner.BPRProductDetailsInitiation" name="pouchproductInitiation" time="0.0">
    <ignored/>
  </testcase> <!-- pouchproductInitiation -->
</testsuite> <!-- blisterproductInitiation -->
