<?xml version="1.0" encoding="UTF-8"?>
<!-- Generated by org.testng.reporters.JUnitXMLReporter -->
<testsuite ignored="2" hostname="AILT-100247" failures="0" tests="1" name="BMRBeforePrintCancelReturn" time="4.762" errors="0" timestamp="2024-12-20T15:56:50 IST">
  <testcase classname="com.QAHODorInchargeTestRunner.BMRBeforePrintCancelApprovalorRejection" name="beforePrintCancelReturn" time="0.0">
    <skipped/>
  </testcase> <!-- beforePrintCancelReturn -->
  <testcase classname="com.QAHODorInchargeTestRunner.BMRBeforePrintCancelApprovalorRejection" name="beforePrintCancelApproval" time="0.0">
    <ignored/>
  </testcase> <!-- beforePrintCancelApproval -->
  <testcase classname="com.QAHODorInchargeTestRunner.BMRBeforePrintCancelApprovalorRejection" name="beforePrintCancelRejection" time="0.0">
    <ignored/>
  </testcase> <!-- beforePrintCancelRejection -->
</testsuite> <!-- BMRBeforePrintCancelReturn -->
