<?xml version="1.0" encoding="UTF-8"?>
<!-- Generated by org.testng.reporters.JUnitXMLReporter -->
<testsuite ignored="2" hostname="AILT-100247" failures="0" tests="1" name="BMRBeforePrintCancelRejection" time="43.509" errors="0" timestamp="2025-01-25T12:55:18 IST">
  <testcase classname="com.QAHODorInchargeTestRunner.BMRBeforePrintCancelApprovalorRejection" name="beforePrintCancelRejection" time="36.072"/>
  <testcase classname="com.QAHODorInchargeTestRunner.BMRBeforePrintCancelApprovalorRejection" name="beforePrintCancelApproval" time="0.0">
    <ignored/>
  </testcase> <!-- beforePrintCancelApproval -->
  <testcase classname="com.QAHODorInchargeTestRunner.BMRBeforePrintCancelApprovalorRejection" name="beforePrintCancelReturn" time="0.0">
    <ignored/>
  </testcase> <!-- beforePrintCancelReturn -->
</testsuite> <!-- BMRBeforePrintCancelRejection -->
