<?xml version="1.0" encoding="UTF-8"?>
<!-- Generated by org.testng.reporters.JUnitXMLReporter -->
<testsuite ignored="5" hostname="AILT-100247" failures="0" tests="1" name="BMRCFTDraftReview" time="152.459" errors="0" timestamp="2025-01-20T12:43:47 IST">
  <testcase classname="com.QAHODorInchargeTestRunner.CFTRevieworReturn" name="cftReview" time="146.411"/>
  <testcase classname="com.QAHODorInchargeTestRunner.CFTRevieworReturn" name="bprcftReturn" time="0.0">
    <ignored/>
  </testcase> <!-- bprcftReturn -->
  <testcase classname="com.QAHODorInchargeTestRunner.CFTRevieworReturn" name="bprcftReview" time="0.0">
    <ignored/>
  </testcase> <!-- bprcftReview -->
  <testcase classname="com.QAHODorInchargeTestRunner.CFTRevieworReturn" name="hodcftReview" time="0.0">
    <ignored/>
  </testcase> <!-- hodcftReview -->
  <testcase classname="com.QAHODorInchargeTestRunner.CFTRevieworReturn" name="cftReturn" time="0.0">
    <ignored/>
  </testcase> <!-- cftReturn -->
  <testcase classname="com.QAHODorInchargeTestRunner.CFTRevieworReturn" name="hodcftReturn" time="0.0">
    <ignored/>
  </testcase> <!-- hodcftReturn -->
</testsuite> <!-- BMRCFTDraftReview -->
