<?xml version="1.0" encoding="UTF-8"?>
<!-- Generated by org.testng.reporters.JUnitXMLReporter -->
<testsuite ignored="3" hostname="AILT-100247" failures="0" tests="1" name="BMRDraftInitiation" time="165.743" errors="0" timestamp="2025-01-24T10:53:36 IST">
  <testcase classname="com.InitiatorTestRunner.BMRDraftInitiation" name="draftinitiation" time="155.294"/>
  <testcase classname="com.InitiatorTestRunner.BMRDraftInitiation" name="draftReinitiation" time="0.0">
    <ignored/>
  </testcase> <!-- draftReinitiation -->
  <testcase classname="com.InitiatorTestRunner.BMRDraftInitiation" name="draftinitiation1" time="0.0">
    <ignored/>
  </testcase> <!-- draftinitiation1 -->
  <testcase classname="com.InitiatorTestRunner.BMRDraftInitiation" name="draftinitiationwithoutcft" time="0.0">
    <ignored/>
  </testcase> <!-- draftinitiationwithoutcft -->
</testsuite> <!-- BMRDraftInitiation -->
