<?xml version="1.0" encoding="UTF-8"?>
<!-- Generated by org.testng.reporters.JUnitXMLReporter -->
<testsuite ignored="3" hostname="AITHCLT046" failures="1" tests="1" name="BMRDraftInitiation" time="121.907" errors="0" timestamp="2025-02-06T09:41:27 IST">
  <testcase classname="com.InitiatorTestRunner.BMRDraftInitiation" name="draftinitiation" time="116.154">
    <failure type="org.openqa.selenium.ElementClickInterceptedException" message="element click intercepted: Element &amp;lt;button _ngcontent-ng-c2530581994=&amp;quot;&amp;quot; data-dismiss=&amp;quot;modal&amp;quot; data-toggle=&amp;quot;modal&amp;quot; data-target=&amp;quot;#submitted&amp;quot; class=&amp;quot;btn successBtn btn-block mt-0 ml-3&amp;quot;&amp;gt;...&amp;lt;/button&amp;gt; is not clickable at point (757, 300). Other element would receive the click: &amp;lt;div _ngcontent-ng-c2530581994=&amp;quot;&amp;quot; class=&amp;quot;modal-body modal-bodyBox text-center&amp;quot;&amp;gt;...&amp;lt;/div&amp;gt;
  (Session info: chrome=132.0.6834.160)
Build info: version: &amp;apos;4.27.0&amp;apos;, revision: &amp;apos;d6e718d134&amp;apos;
System info: os.name: &amp;apos;Windows 11&amp;apos;, os.arch: &amp;apos;amd64&amp;apos;, os.version: &amp;apos;10.0&amp;apos;, java.version: &amp;apos;23.0.1&amp;apos;
Driver info: org.openqa.selenium.chrome.ChromeDriver
Command: [f0040ab9ada7b2c144bd31d1fa5e6316, clickElement {id=f.EDCE3F356459DEA8FC837D44758E4931.d.654E3B45E2EE039D24A2451449212C9E.e.185}]
Capabilities {acceptInsecureCerts: false, browserName: chrome, browserVersion: 132.0.6834.160, chrome: {chromedriverVersion: 132.0.6834.159 (2d77d3fc445..., userDataDir: C:\Users\VAISHN~1.T\AppData...}, fedcm:accounts: true, goog:chromeOptions: {debuggerAddress: localhost:51013}, networkConnectionEnabled: false, pageLoadStrategy: normal, platformName: windows, proxy: Proxy(), se:cdp: ws://localhost:51013/devtoo..., se:cdpVersion: 132.0.6834.160, setWindowRect: true, strictFileInteractability: false, timeouts: {implicit: 0, pageLoad: 300000, script: 30000}, unhandledPromptBehavior: dismiss and notify, webauthn:extension:credBlob: true, webauthn:extension:largeBlob: true, webauthn:extension:minPinLength: true, webauthn:extension:prf: true, webauthn:virtualAuthenticators: true}
Element: [[ChromeDriver: chrome on windows (f0040ab9ada7b2c144bd31d1fa5e6316)] -&amp;gt; xpath: //button[text()=&amp;apos; Yes &amp;apos;]]
Session ID: f0040ab9ada7b2c144bd31d1fa5e6316">
      <![CDATA[org.openqa.selenium.ElementClickInterceptedException: element click intercepted: Element <button _ngcontent-ng-c2530581994="" data-dismiss="modal" data-toggle="modal" data-target="#submitted" class="btn successBtn btn-block mt-0 ml-3">...</button> is not clickable at point (757, 300). Other element would receive the click: <div _ngcontent-ng-c2530581994="" class="modal-body modal-bodyBox text-center">...</div>
  (Session info: chrome=132.0.6834.160)
Build info: version: '4.27.0', revision: 'd6e718d134'
System info: os.name: 'Windows 11', os.arch: 'amd64', os.version: '10.0', java.version: '23.0.1'
Driver info: org.openqa.selenium.chrome.ChromeDriver
Command: [f0040ab9ada7b2c144bd31d1fa5e6316, clickElement {id=f.EDCE3F356459DEA8FC837D44758E4931.d.654E3B45E2EE039D24A2451449212C9E.e.185}]
Capabilities {acceptInsecureCerts: false, browserName: chrome, browserVersion: 132.0.6834.160, chrome: {chromedriverVersion: 132.0.6834.159 (2d77d3fc445..., userDataDir: C:\Users\VAISHN~1.T\AppData...}, fedcm:accounts: true, goog:chromeOptions: {debuggerAddress: localhost:51013}, networkConnectionEnabled: false, pageLoadStrategy: normal, platformName: windows, proxy: Proxy(), se:cdp: ws://localhost:51013/devtoo..., se:cdpVersion: 132.0.6834.160, setWindowRect: true, strictFileInteractability: false, timeouts: {implicit: 0, pageLoad: 300000, script: 30000}, unhandledPromptBehavior: dismiss and notify, webauthn:extension:credBlob: true, webauthn:extension:largeBlob: true, webauthn:extension:minPinLength: true, webauthn:extension:prf: true, webauthn:virtualAuthenticators: true}
Element: [[ChromeDriver: chrome on windows (f0040ab9ada7b2c144bd31d1fa5e6316)] -> xpath: //button[text()=' Yes ']]
Session ID: f0040ab9ada7b2c144bd31d1fa5e6316
at org.openqa.selenium.remote.ErrorCodec.decode(ErrorCodec.java:167)
at org.openqa.selenium.remote.codec.w3c.W3CHttpResponseCodec.decode(W3CHttpResponseCodec.java:138)
at org.openqa.selenium.remote.codec.w3c.W3CHttpResponseCodec.decode(W3CHttpResponseCodec.java:50)
at org.openqa.selenium.remote.HttpCommandExecutor.execute(HttpCommandExecutor.java:190)
at org.openqa.selenium.remote.service.DriverCommandExecutor.invokeExecute(DriverCommandExecutor.java:216)
at org.openqa.selenium.remote.service.DriverCommandExecutor.execute(DriverCommandExecutor.java:174)
at org.openqa.selenium.remote.RemoteWebDriver.execute(RemoteWebDriver.java:545)
at org.openqa.selenium.remote.RemoteWebElement.execute(RemoteWebElement.java:223)
at org.openqa.selenium.remote.RemoteWebElement.click(RemoteWebElement.java:76)
at org.openqa.selenium.support.pagefactory.internal.LocatingElementHandler.invoke(LocatingElementHandler.java:51)
at jdk.proxy2/jdk.proxy2.$Proxy34.click(Unknown Source)
at com.BasicData.BRMSCommonMethods.clickElement(BRMSCommonMethods.java:198)
at com.InitiatorPageObjects.BMRDraftInitiation.submitactivity(BMRDraftInitiation.java:305)
at com.InitiatorTestRunner.BMRDraftInitiation.draftinitiation(BMRDraftInitiation.java:36)
at java.base/java.util.ArrayList.forEach(ArrayList.java:1597)
... Removed 30 stack frames]]>
    </failure>
  </testcase> <!-- draftinitiation -->
  <testcase classname="com.InitiatorTestRunner.BMRDraftInitiation" name="draftinitiationwithoutcft" time="0.0">
    <ignored/>
  </testcase> <!-- draftinitiationwithoutcft -->
  <testcase classname="com.InitiatorTestRunner.BMRDraftInitiation" name="draftinitiation1" time="0.0">
    <ignored/>
  </testcase> <!-- draftinitiation1 -->
  <testcase classname="com.InitiatorTestRunner.BMRDraftInitiation" name="draftReinitiation" time="0.0">
    <ignored/>
  </testcase> <!-- draftReinitiation -->
</testsuite> <!-- BMRDraftInitiation -->
