<?xml version="1.0" encoding="UTF-8"?>
<!-- Generated by org.testng.reporters.JUnitXMLReporter -->
<testsuite ignored="2" hostname="AILT-100247" failures="1" tests="1" name="BMRIssuebyQAOfficer" time="81.664" errors="0" timestamp="2025-01-20T17:42:42 IST">
  <testcase classname="com.QAOfficerTestRunner.BMRPrintIssuance" name="issue" time="77.374">
    <failure type="java.lang.AssertionError" message="null">
      <![CDATA[java.lang.AssertionError: null
at com.QAOfficerTestRunner.BMRPrintIssuance.issue(BMRPrintIssuance.java:42)
at java.base/java.util.ArrayList.forEach(ArrayList.java:1511)
... Removed 29 stack frames]]>
    </failure>
  </testcase> <!-- issue -->
  <testcase classname="com.QAOfficerTestRunner.BMRPrintIssuance" name="bulkissue" time="0.0">
    <ignored/>
  </testcase> <!-- bulkissue -->
  <testcase classname="com.QAOfficerTestRunner.BMRPrintIssuance" name="print" time="0.0">
    <ignored/>
  </testcase> <!-- print -->
</testsuite> <!-- BMRIssuebyQAOfficer -->
