<?xml version="1.0" encoding="UTF-8"?>
<!-- Generated by org.testng.reporters.JUnitXMLReporter -->
<testsuite ignored="2" hostname="AILT-100247" failures="0" tests="1" name="BMRIssuebyQAOfficer" time="60.056" errors="0" timestamp="2025-01-25T13:00:57 IST">
  <testcase classname="com.QAOfficerTestRunner.BMRPrintIssuance" name="bulkissue" time="51.739"/>
  <testcase classname="com.QAOfficerTestRunner.BMRPrintIssuance" name="print" time="0.0">
    <ignored/>
  </testcase> <!-- print -->
  <testcase classname="com.QAOfficerTestRunner.BMRPrintIssuance" name="issue" time="0.0">
    <ignored/>
  </testcase> <!-- issue -->
</testsuite> <!-- BMRIssuebyQAOfficer -->
