<?xml version="1.0" encoding="UTF-8"?>
<!-- Generated by org.testng.reporters.JUnitXMLReporter -->
<testsuite ignored="2" hostname="AILT-100247" failures="0" tests="1" name="BMRMasterprepreqApproval" time="48.681" errors="0" timestamp="2025-01-25T12:12:52 IST">
  <testcase classname="com.QADocCellTestRunner.BMRMasterPreparationRequestApprovalorRejection" name="bmrmasterreqapproval" time="41.024"/>
  <testcase classname="com.QADocCellTestRunner.BMRMasterPreparationRequestApprovalorRejection" name="bmrmasterreqrejection" time="0.0">
    <ignored/>
  </testcase> <!-- bmrmasterreqrejection -->
  <testcase classname="com.QADocCellTestRunner.BMRMasterPreparationRequestApprovalorRejection" name="bmrblockversionmasterreqapproval" time="0.0">
    <ignored/>
  </testcase> <!-- bmrblockversionmasterreqapproval -->
</testsuite> <!-- BMRMasterprepreqApproval -->
