<?xml version="1.0" encoding="UTF-8"?>
<!-- Generated by org.testng.reporters.JUnitXMLReporter -->
<testsuite ignored="1" hostname="AILT-100247" failures="0" tests="1" name="BMRMasterprepreqApproval" time="45.071" errors="0" timestamp="2024-11-22T11:41:43 IST">
  <testcase classname="com.QADocCellTestRunner.BMRMasterPreparationRequestApprovalorRejection" name="bmrmasterreqapproval" time="39.481"/>
  <testcase classname="com.QADocCellTestRunner.BMRMasterPreparationRequestApprovalorRejection" name="bmrmasterreqrejection" time="0.0">
    <ignored/>
  </testcase> <!-- bmrmasterreqrejection -->
</testsuite> <!-- BMRMasterprepreqApproval -->
