<?xml version="1.0" encoding="UTF-8"?>
<!-- Generated by org.testng.reporters.JUnitXMLReporter -->
<testsuite ignored="1" hostname="AILT-100247" failures="0" tests="1" name="BMRMasterCancelRejection" time="36.191" errors="0" timestamp="2025-01-24T11:00:09 IST">
  <testcase classname="com.QAHODorInchargeTestRunner.BMRMasterCancelApprovalOrRejection" name="masterCancelRejection" time="29.926"/>
  <testcase classname="com.QAHODorInchargeTestRunner.BMRMasterCancelApprovalOrRejection" name="masterCancelApproval" time="0.0">
    <ignored/>
  </testcase> <!-- masterCancelApproval -->
</testsuite> <!-- BMRMasterCancelRejection -->
