<?xml version="1.0" encoding="UTF-8"?>
<!-- Generated by org.testng.reporters.JUnitXMLReporter -->
<testsuite ignored="4" hostname="AITHCLT046" failures="0" tests="1" name="BMRPrintReturntoValidationInchargebyQAHOD" time="49.459" errors="0" timestamp="2025-02-01T17:06:11 IST">
  <testcase classname="com.QAHODorInchargeTestRunner.BMRPrintreqApproval" name="printReturntoValidationIncharge" time="44.44"/>
  <testcase classname="com.QAHODorInchargeTestRunner.BMRPrintreqApproval" name="printReject" time="0.0">
    <ignored/>
  </testcase> <!-- printReject -->
  <testcase classname="com.QAHODorInchargeTestRunner.BMRPrintreqApproval" name="printApproval" time="0.0">
    <ignored/>
  </testcase> <!-- printApproval -->
  <testcase classname="com.QAHODorInchargeTestRunner.BMRPrintreqApproval" name="printReturntoProductionIncharge" time="0.0">
    <ignored/>
  </testcase> <!-- printReturntoProductionIncharge -->
  <testcase classname="com.QAHODorInchargeTestRunner.BMRPrintreqApproval" name="printReturntoExe" time="0.0">
    <ignored/>
  </testcase> <!-- printReturntoExe -->
</testsuite> <!-- BMRPrintReturntoValidationInchargebyQAHOD -->
