<?xml version="1.0" encoding="UTF-8"?>
<!-- Generated by org.testng.reporters.JUnitXMLReporter -->
<testsuite ignored="3" hostname="AITHCLT046" failures="0" tests="1" name="BMRPrintApprovalByValidationIncharge" time="44.554" errors="0" timestamp="2025-02-01T17:05:21 IST">
  <testcase classname="com.ValidationInchargeTestRunner.BMRPrintReview" name="printReview" time="39.406"/>
  <testcase classname="com.ValidationInchargeTestRunner.BMRPrintReview" name="printReturntoIncharge" time="0.0">
    <ignored/>
  </testcase> <!-- printReturntoIncharge -->
  <testcase classname="com.ValidationInchargeTestRunner.BMRPrintReview" name="printReReview" time="0.0">
    <ignored/>
  </testcase> <!-- printReReview -->
  <testcase classname="com.ValidationInchargeTestRunner.BMRPrintReview" name="printReturntoExecutive" time="0.0">
    <ignored/>
  </testcase> <!-- printReturntoExecutive -->
</testsuite> <!-- BMRPrintApprovalByValidationIncharge -->
