<?xml version="1.0" encoding="UTF-8"?>
<!-- Generated by org.testng.reporters.JUnitXMLReporter -->
<testsuite ignored="3" hostname="AILT-100247" failures="0" tests="1" name="BMRPrintReturntoinchargeByValidationIncharge" time="46.634" errors="0" timestamp="2024-12-07T11:03:18 IST">
  <testcase classname="com.ValidationInchargeTestRunner.BMRPrintReview" name="printReturntoIncharge" time="39.879"/>
  <testcase classname="com.ValidationInchargeTestRunner.BMRPrintReview" name="printReturntoExecutive" time="0.0">
    <ignored/>
  </testcase> <!-- printReturntoExecutive -->
  <testcase classname="com.ValidationInchargeTestRunner.BMRPrintReview" name="printReReview" time="0.0">
    <ignored/>
  </testcase> <!-- printReReview -->
  <testcase classname="com.ValidationInchargeTestRunner.BMRPrintReview" name="printReview" time="0.0">
    <ignored/>
  </testcase> <!-- printReview -->
</testsuite> <!-- BMRPrintReturntoinchargeByValidationIncharge -->
