<?xml version="1.0" encoding="UTF-8"?>
<!-- Generated by org.testng.reporters.JUnitXMLReporter -->
<testsuite ignored="3" hostname="AITHCLT046" failures="0" tests="1" name="BMRPrintApprovalByValidationIncharge" time="54.074" errors="0" timestamp="2025-05-14T17:08:08 IST">
  <testcase classname="com.ValidationInchargeTestRunner.BMRPrintReview" name="printReview" time="50.988"/>
  <testcase classname="com.ValidationInchargeTestRunner.BMRPrintReview" name="printReturntoExecutive" time="0.0">
    <ignored/>
  </testcase> <!-- printReturntoExecutive -->
  <testcase classname="com.ValidationInchargeTestRunner.BMRPrintReview" name="printReturntoIncharge" time="0.0">
    <ignored/>
  </testcase> <!-- printReturntoIncharge -->
  <testcase classname="com.ValidationInchargeTestRunner.BMRPrintReview" name="printReReview" time="0.0">
    <ignored/>
  </testcase> <!-- printReReview -->
</testsuite> <!-- BMRPrintApprovalByValidationIncharge -->
