<?xml version="1.0" encoding="UTF-8"?>
<!-- Generated by org.testng.reporters.JUnitXMLReporter -->
<testsuite ignored="3" hostname="AILT-100247" failures="1" tests="1" name="BMRPrintApprovalByValidationIncharge1" time="77.807" errors="0" timestamp="2025-01-18T15:04:02 IST">
  <testcase classname="com.ValidationInchargeTestRunner.BMRPrintReview" name="printReview" time="72.157">
    <failure type="java.lang.AssertionError" message="null">
      <![CDATA[java.lang.AssertionError: null
at com.ValidationInchargeTestRunner.BMRPrintReview.printReview(BMRPrintReview.java:91)
at java.base/java.util.ArrayList.forEach(ArrayList.java:1511)
... Removed 29 stack frames]]>
    </failure>
  </testcase> <!-- printReview -->
  <testcase classname="com.ValidationInchargeTestRunner.BMRPrintReview" name="printReturntoExecutive" time="0.0">
    <ignored/>
  </testcase> <!-- printReturntoExecutive -->
  <testcase classname="com.ValidationInchargeTestRunner.BMRPrintReview" name="printReturntoIncharge" time="0.0">
    <ignored/>
  </testcase> <!-- printReturntoIncharge -->
  <testcase classname="com.ValidationInchargeTestRunner.BMRPrintReview" name="printReReview" time="0.0">
    <ignored/>
  </testcase> <!-- printReReview -->
</testsuite> <!-- BMRPrintApprovalByValidationIncharge1 -->
