<?xml version="1.0" encoding="UTF-8"?>
<!-- Generated by org.testng.reporters.JUnitXMLReporter -->
<testsuite ignored="2" hostname="AITHCLT046" failures="0" tests="1" name="BMRPrintReviewByProductionIncharge" time="43.617" errors="0" timestamp="2025-02-01T17:03:05 IST">
  <testcase classname="com.ProductionInchargeTestRunner.BMRPrintReview" name="printReview" time="38.976"/>
  <testcase classname="com.ProductionInchargeTestRunner.BMRPrintReview" name="printReturn" time="0.0">
    <ignored/>
  </testcase> <!-- printReturn -->
  <testcase classname="com.ProductionInchargeTestRunner.BMRPrintReview" name="printReReview" time="0.0">
    <ignored/>
  </testcase> <!-- printReReview -->
</testsuite> <!-- BMRPrintReviewByProductionIncharge -->
