<?xml version="1.0" encoding="UTF-8"?>
<!-- Generated by org.testng.reporters.JUnitXMLReporter -->
<testsuite ignored="5" hostname="AILT-100247" failures="0" tests="1" name="BMRPrintRequestInitiation" time="66.478" errors="0" timestamp="2025-01-24T14:45:23 IST">
  <testcase classname="com.ProductionExecutiveTestRunner.BMRPrintRequestInitiation" name="printRequestInitiation" time="55.404"/>
  <testcase classname="com.ProductionExecutiveTestRunner.BMRPrintRequestInitiation" name="commonbulkprintRequestInitiation" time="0.0">
    <ignored/>
  </testcase> <!-- commonbulkprintRequestInitiation -->
  <testcase classname="com.ProductionExecutiveTestRunner.BMRPrintRequestInitiation" name="bilayerbulkprintRequestInitiation" time="0.0">
    <ignored/>
  </testcase> <!-- bilayerbulkprintRequestInitiation -->
  <testcase classname="com.ProductionExecutiveTestRunner.BMRPrintRequestInitiation" name="standardbulkprintRequestInitiation" time="0.0">
    <ignored/>
  </testcase> <!-- standardbulkprintRequestInitiation -->
  <testcase classname="com.ProductionExecutiveTestRunner.BMRPrintRequestInitiation" name="printRecievedAcknowledgment" time="0.0">
    <ignored/>
  </testcase> <!-- printRecievedAcknowledgment -->
  <testcase classname="com.ProductionExecutiveTestRunner.BMRPrintRequestInitiation" name="printRequestReInitiation" time="0.0">
    <ignored/>
  </testcase> <!-- printRequestReInitiation -->
</testsuite> <!-- BMRPrintRequestInitiation -->
