<?xml version="1.0" encoding="UTF-8"?>
<!-- Generated by org.testng.reporters.JUnitXMLReporter -->
<testsuite ignored="2" hostname="AITHCLT046" failures="0" tests="1" name="bpradditionalPageReInitiation1" time="32.273" errors="0" timestamp="2025-01-31T10:13:29 IST">
  <testcase classname="com.ProductionExecutiveTestRunner.BPRAdditionalPagePrintReqInitiation" name="bpradditionalPageReInitiation" time="28.857"/>
  <testcase classname="com.ProductionExecutiveTestRunner.BPRAdditionalPagePrintReqInitiation" name="additionalPageAcknowledgment" time="0.0">
    <ignored/>
  </testcase> <!-- additionalPageAcknowledgment -->
  <testcase classname="com.ProductionExecutiveTestRunner.BPRAdditionalPagePrintReqInitiation" name="bpradditionalPageInitiation" time="0.0">
    <ignored/>
  </testcase> <!-- bpradditionalPageInitiation -->
</testsuite> <!-- bpradditionalPageReInitiation1 -->
