<?xml version="1.0" encoding="UTF-8"?>
<!-- Generated by org.testng.reporters.JUnitXMLReporter -->
<testsuite ignored="2" hostname="AITHCLT046" failures="0" tests="1" name="bpradditionalPageReview" time="58.834" errors="0" timestamp="2025-05-10T10:37:27 IST">
  <testcase classname="com.ProductionInchargeTestRunner.BPRAdditionalPageReview" name="bpradditionalPageReview" time="54.952"/>
  <testcase classname="com.ProductionInchargeTestRunner.BPRAdditionalPageReview" name="bpradditionalPageReturn" time="0.0">
    <ignored/>
  </testcase> <!-- bpradditionalPageReturn -->
  <testcase classname="com.ProductionInchargeTestRunner.BPRAdditionalPageReview" name="bpradditionalPageReject" time="0.0">
    <ignored/>
  </testcase> <!-- bpradditionalPageReject -->
</testsuite> <!-- bpradditionalPageReview -->
