<?xml version="1.0" encoding="UTF-8"?>
<!-- Generated by org.testng.reporters.JUnitXMLReporter -->
<testsuite ignored="2" hostname="AITHCLT046" failures="0" tests="1" name="bpradditionalPageInitiation" time="52.306" errors="0" timestamp="2025-01-31T10:11:01 IST">
  <testcase classname="com.ProductionExecutiveTestRunner.BPRAdditionalPagePrintReqInitiation" name="bpradditionalPageInitiation" time="46.841"/>
  <testcase classname="com.ProductionExecutiveTestRunner.BPRAdditionalPagePrintReqInitiation" name="bpradditionalPageReInitiation" time="0.0">
    <ignored/>
  </testcase> <!-- bpradditionalPageReInitiation -->
  <testcase classname="com.ProductionExecutiveTestRunner.BPRAdditionalPagePrintReqInitiation" name="additionalPageAcknowledgment" time="0.0">
    <ignored/>
  </testcase> <!-- additionalPageAcknowledgment -->
</testsuite> <!-- bpradditionalPageInitiation -->
