<?xml version="1.0" encoding="UTF-8"?>
<!-- Generated by org.testng.reporters.JUnitXMLReporter -->
<testsuite ignored="1" hostname="AITHCLT046" failures="0" tests="1" name="bprbatchinitiation" time="43.008" errors="0" timestamp="2025-02-07T15:41:41 IST">
  <testcase classname="com.ProductionExecutiveTestRunner.BPRBatchCompletionInitiation" name="bprbatchinitiation" time="36.574"/>
  <testcase classname="com.ProductionExecutiveTestRunner.BPRBatchCompletionInitiation" name="bprbatchReinitiation" time="0.0">
    <ignored/>
  </testcase> <!-- bprbatchReinitiation -->
</testsuite> <!-- bprbatchinitiation -->
