<?xml version="1.0" encoding="UTF-8"?>
<!-- Generated by org.testng.reporters.JUnitXMLReporter -->
<testsuite ignored="3" hostname="AITHCLT046" failures="1" tests="1" name="bprbottleproductInitiation" time="45.248" errors="0" timestamp="2025-01-28T17:36:55 IST">
  <testcase classname="com.InitiatorTestRunner.BPRProductDetailsInitiation" name="bottleproductInitiation" time="39.297">
    <failure type="org.openqa.selenium.ElementNotInteractableException" message="element not interactable
  (Session info: chrome=132.0.6834.111)
Build info: version: &amp;apos;4.27.0&amp;apos;, revision: &amp;apos;d6e718d134&amp;apos;
System info: os.name: &amp;apos;Windows 11&amp;apos;, os.arch: &amp;apos;amd64&amp;apos;, os.version: &amp;apos;10.0&amp;apos;, java.version: &amp;apos;23.0.1&amp;apos;
Driver info: org.openqa.selenium.chrome.ChromeDriver
Command: [b268e507e50c692b6b71c6b27fffb16e, sendKeysToElement {id=f.25254D241CCC4A659DFB359E0B6B21D4.d.BC9DFAEC2D496CF58C32F1A3999DE4F1.e.236, value=[Ljava.lang.CharSequence;@77724cbe}]
Capabilities {acceptInsecureCerts: false, browserName: chrome, browserVersion: 132.0.6834.111, chrome: {chromedriverVersion: 132.0.6834.110 (df453a35f09..., userDataDir: C:\Users\VAISHN~1.T\AppData...}, fedcm:accounts: true, goog:chromeOptions: {debuggerAddress: localhost:49702}, networkConnectionEnabled: false, pageLoadStrategy: normal, platformName: windows, proxy: Proxy(), se:cdp: ws://localhost:49702/devtoo..., se:cdpVersion: 132.0.6834.111, setWindowRect: true, strictFileInteractability: false, timeouts: {implicit: 0, pageLoad: 300000, script: 30000}, unhandledPromptBehavior: dismiss and notify, webauthn:extension:credBlob: true, webauthn:extension:largeBlob: true, webauthn:extension:minPinLength: true, webauthn:extension:prf: true, webauthn:virtualAuthenticators: true}
Element: [[ChromeDriver: chrome on windows (b268e507e50c692b6b71c6b27fffb16e)] -&amp;gt; xpath: //ng-select[@formcontrolname=&amp;apos;MappingMPRNumber&amp;apos; and @placeholder=&amp;apos;MPR Number&amp;apos;]]
Session ID: b268e507e50c692b6b71c6b27fffb16e">
      <![CDATA[org.openqa.selenium.ElementNotInteractableException: element not interactable
  (Session info: chrome=132.0.6834.111)
Build info: version: '4.27.0', revision: 'd6e718d134'
System info: os.name: 'Windows 11', os.arch: 'amd64', os.version: '10.0', java.version: '23.0.1'
Driver info: org.openqa.selenium.chrome.ChromeDriver
Command: [b268e507e50c692b6b71c6b27fffb16e, sendKeysToElement {id=f.25254D241CCC4A659DFB359E0B6B21D4.d.BC9DFAEC2D496CF58C32F1A3999DE4F1.e.236, value=[Ljava.lang.CharSequence;@77724cbe}]
Capabilities {acceptInsecureCerts: false, browserName: chrome, browserVersion: 132.0.6834.111, chrome: {chromedriverVersion: 132.0.6834.110 (df453a35f09..., userDataDir: C:\Users\VAISHN~1.T\AppData...}, fedcm:accounts: true, goog:chromeOptions: {debuggerAddress: localhost:49702}, networkConnectionEnabled: false, pageLoadStrategy: normal, platformName: windows, proxy: Proxy(), se:cdp: ws://localhost:49702/devtoo..., se:cdpVersion: 132.0.6834.111, setWindowRect: true, strictFileInteractability: false, timeouts: {implicit: 0, pageLoad: 300000, script: 30000}, unhandledPromptBehavior: dismiss and notify, webauthn:extension:credBlob: true, webauthn:extension:largeBlob: true, webauthn:extension:minPinLength: true, webauthn:extension:prf: true, webauthn:virtualAuthenticators: true}
Element: [[ChromeDriver: chrome on windows (b268e507e50c692b6b71c6b27fffb16e)] -> xpath: //ng-select[@formcontrolname='MappingMPRNumber' and @placeholder='MPR Number']]
Session ID: b268e507e50c692b6b71c6b27fffb16e
at org.openqa.selenium.remote.ErrorCodec.decode(ErrorCodec.java:167)
at org.openqa.selenium.remote.codec.w3c.W3CHttpResponseCodec.decode(W3CHttpResponseCodec.java:138)
at org.openqa.selenium.remote.codec.w3c.W3CHttpResponseCodec.decode(W3CHttpResponseCodec.java:50)
at org.openqa.selenium.remote.HttpCommandExecutor.execute(HttpCommandExecutor.java:190)
at org.openqa.selenium.remote.service.DriverCommandExecutor.invokeExecute(DriverCommandExecutor.java:216)
at org.openqa.selenium.remote.service.DriverCommandExecutor.execute(DriverCommandExecutor.java:174)
at org.openqa.selenium.remote.RemoteWebDriver.execute(RemoteWebDriver.java:545)
at org.openqa.selenium.remote.RemoteWebElement.execute(RemoteWebElement.java:223)
at org.openqa.selenium.remote.RemoteWebElement.sendKeys(RemoteWebElement.java:110)
at org.openqa.selenium.support.pagefactory.internal.LocatingElementHandler.invoke(LocatingElementHandler.java:51)
at jdk.proxy2/jdk.proxy2.$Proxy34.sendKeys(Unknown Source)
at com.InitiatorPageObjects.BPRProductDetails.validatealerts1(BPRProductDetails.java:219)
at com.InitiatorTestRunner.BPRProductDetailsInitiation.bottleproductInitiation(BPRProductDetailsInitiation.java:29)
at java.base/java.util.ArrayList.forEach(ArrayList.java:1597)
... Removed 30 stack frames]]>
    </failure>
  </testcase> <!-- bottleproductInitiation -->
  <testcase classname="com.InitiatorTestRunner.BPRProductDetailsInitiation" name="blisterproductReInitiation" time="0.0">
    <ignored/>
  </testcase> <!-- blisterproductReInitiation -->
  <testcase classname="com.InitiatorTestRunner.BPRProductDetailsInitiation" name="blisterproductInitiation" time="0.0">
    <ignored/>
  </testcase> <!-- blisterproductInitiation -->
  <testcase classname="com.InitiatorTestRunner.BPRProductDetailsInitiation" name="bottleproductReInitiation" time="0.0">
    <ignored/>
  </testcase> <!-- bottleproductReInitiation -->
</testsuite> <!-- bprbottleproductInitiation -->
