<?xml version="1.0" encoding="UTF-8"?>
<!-- Generated by org.testng.reporters.JUnitXMLReporter -->
<testsuite ignored="1" hostname="AILT-100247" failures="0" tests="1" name="bprbatchReinitiation" time="46.903" errors="0" timestamp="2024-12-13T11:33:20 IST">
  <testcase classname="com.ProductionExecutiveTestRunner.BPRBatchCompletionInitiation" name="bprbatchReinitiation" time="38.927"/>
  <testcase classname="com.ProductionExecutiveTestRunner.BPRBatchCompletionInitiation" name="bprbatchinitiation" time="0.0">
    <ignored/>
  </testcase> <!-- bprbatchinitiation -->
</testsuite> <!-- bprbatchReinitiation -->
