<?xml version="1.0" encoding="UTF-8"?>
<!-- Generated by org.testng.reporters.JUnitXMLReporter -->
<testsuite ignored="3" hostname="AITHCLT046" failures="0" tests="1" name="bprblisterpackApproval" time="32.821" errors="0" timestamp="2025-02-07T10:51:46 IST">
  <testcase classname="com.QAHODorInchargeTestRunner.BMRProductDetailsApprovalorReturn" name="bprhodApproval" time="29.358"/>
  <testcase classname="com.QAHODorInchargeTestRunner.BMRProductDetailsApprovalorReturn" name="bprhodReturn" time="0.0">
    <ignored/>
  </testcase> <!-- bprhodReturn -->
  <testcase classname="com.QAHODorInchargeTestRunner.BMRProductDetailsApprovalorReturn" name="hodReturn" time="0.0">
    <ignored/>
  </testcase> <!-- hodReturn -->
  <testcase classname="com.QAHODorInchargeTestRunner.BMRProductDetailsApprovalorReturn" name="hodApproval" time="0.0">
    <ignored/>
  </testcase> <!-- hodApproval -->
</testsuite> <!-- bprblisterpackApproval -->
