<?xml version="1.0" encoding="UTF-8"?>
<!-- Generated by org.testng.reporters.JUnitXMLReporter -->
<testsuite ignored="1" hostname="AITHCLT046" failures="0" tests="1" name="bprbatchclosureReturn" time="39.496" errors="0" timestamp="2025-01-30T16:47:48 IST">
  <testcase classname="com.QAHODorInchargeTestRunner.BPRBatchClosureApproval" name="bprbatchclosureReturn" time="34.699"/>
  <testcase classname="com.QAHODorInchargeTestRunner.BPRBatchClosureApproval" name="bprbatchclosureApproval" time="0.0">
    <ignored/>
  </testcase> <!-- bprbatchclosureApproval -->
</testsuite> <!-- bprbatchclosureReturn -->
