<?xml version="1.0" encoding="UTF-8"?>
<!-- Generated by org.testng.reporters.JUnitXMLReporter -->
<testsuite ignored="1" hostname="AITHCLT046" failures="0" tests="1" name="bprBatchCorrectionReturn" time="2.957" errors="0" timestamp="2025-02-07T16:01:56 IST">
  <testcase classname="com.QAHODorInchargeTestRunner.BPRBatchRecordCorrectionApproval" name="bprBatchCorrectionReturn" time="0.0">
    <skipped/>
  </testcase> <!-- bprBatchCorrectionReturn -->
  <testcase classname="com.QAHODorInchargeTestRunner.BPRBatchRecordCorrectionApproval" name="bprBatchCorrectionApproval" time="0.0">
    <ignored/>
  </testcase> <!-- bprBatchCorrectionApproval -->
</testsuite> <!-- bprBatchCorrectionReturn -->
