<?xml version="1.0" encoding="UTF-8"?>
<!-- Generated by org.testng.reporters.JUnitXMLReporter -->
<testsuite ignored="1" hostname="AILT-100247" failures="0" tests="1" name="bprbatchclosureApproval" time="56.453" errors="0" timestamp="2024-12-20T12:09:07 IST">
  <testcase classname="com.QAHODorInchargeTestRunner.BPRBatchClosureApproval" name="bprbatchclosureApproval" time="50.362"/>
  <testcase classname="com.QAHODorInchargeTestRunner.BPRBatchClosureApproval" name="bprbatchclosureReturn" time="0.0">
    <ignored/>
  </testcase> <!-- bprbatchclosureReturn -->
</testsuite> <!-- bprbatchclosureApproval -->
