<?xml version="1.0" encoding="UTF-8"?>
<!-- Generated by org.testng.reporters.JUnitXMLReporter -->
<testsuite ignored="1" hostname="AITHCLT046" failures="0" tests="1" name="bprBatchCorrectionReInitiation" time="60.448" errors="0" timestamp="2025-02-07T16:02:57 IST">
  <testcase classname="com.QAOfficerTestRunner.BPRBatchCorrectionInitiation" name="bprBatchCorrectionReInitiation" time="55.626"/>
  <testcase classname="com.QAOfficerTestRunner.BPRBatchCorrectionInitiation" name="bprBatchCorrectionInitiation" time="0.0">
    <ignored/>
  </testcase> <!-- bprBatchCorrectionInitiation -->
</testsuite> <!-- bprBatchCorrectionReInitiation -->
