<?xml version="1.0" encoding="UTF-8"?>
<!-- Generated by org.testng.reporters.JUnitXMLReporter -->
<testsuite ignored="1" hostname="AILT-100247" failures="0" tests="1" name="bprmasterApprovalProdHODApproval" time="38.447" errors="0" timestamp="2025-01-18T17:53:48 IST">
  <testcase classname="com.ProductionHODTestRunner.BPRMasterApproval" name="bprproductionhodapproval" time="33.645"/>
  <testcase classname="com.ProductionHODTestRunner.BPRMasterApproval" name="bprproductionhodreturn" time="0.0">
    <ignored/>
  </testcase> <!-- bprproductionhodreturn -->
</testsuite> <!-- bprmasterApprovalProdHODApproval -->
