<?xml version="1.0" encoding="UTF-8"?>
<!-- Generated by org.testng.reporters.JUnitXMLReporter -->
<testsuite ignored="1" hostname="AITHCLT046" failures="0" tests="1" name="bprmasterApprovalbyRA" time="38.224" errors="0" timestamp="2025-01-31T12:21:20 IST">
  <testcase classname="com.RATestRunner.BPRMasterApproval" name="bprmasterApprovalbyRA" time="33.831"/>
  <testcase classname="com.RATestRunner.BPRMasterApproval" name="bprmasterReturnbyRA" time="0.0">
    <ignored/>
  </testcase> <!-- bprmasterReturnbyRA -->
</testsuite> <!-- bprmasterApprovalbyRA -->
