<?xml version="1.0" encoding="UTF-8"?>
<!-- Generated by org.testng.reporters.JUnitXMLReporter -->
<testsuite ignored="1" hostname="AITHCLT046" failures="0" tests="1" name="bprmasterApprovalbyQAIncharge5" time="35.895" errors="0" timestamp="2025-01-30T11:28:28 IST">
  <testcase classname="com.QAHODorInchargeTestRunner.BPRMasterApproval" name="bprmasterApprovalbyQAIncharge" time="32.575"/>
  <testcase classname="com.QAHODorInchargeTestRunner.BPRMasterApproval" name="bprmasterReturnbyQAIncharge" time="0.0">
    <ignored/>
  </testcase> <!-- bprmasterReturnbyQAIncharge -->
</testsuite> <!-- bprmasterApprovalbyQAIncharge5 -->
