<?xml version="1.0" encoding="UTF-8"?>
<!-- Generated by org.testng.reporters.JUnitXMLReporter -->
<testsuite ignored="1" hostname="AITHCLT046" failures="0" tests="1" name="bprmasterApprovalbyQAIncharge" time="37.222" errors="0" timestamp="2025-02-07T11:10:24 IST">
  <testcase classname="com.QAHODorInchargeTestRunner.BPRMasterApproval" name="bprmasterApprovalbyQAIncharge" time="33.807"/>
  <testcase classname="com.QAHODorInchargeTestRunner.BPRMasterApproval" name="bprmasterReturnbyQAIncharge" time="0.0">
    <ignored/>
  </testcase> <!-- bprmasterReturnbyQAIncharge -->
</testsuite> <!-- bprmasterApprovalbyQAIncharge -->
