<?xml version="1.0" encoding="UTF-8"?>
<!-- Generated by org.testng.reporters.JUnitXMLReporter -->
<testsuite ignored="1" hostname="AILT-100247" failures="0" tests="1" name="bprmasterApprovalInachargeReview1" time="38.145" errors="0" timestamp="2024-12-21T17:27:36 IST">
  <testcase classname="com.ProductionInchargeTestRunner.BPRMasterReview" name="bprmasterReview" time="31.515"/>
  <testcase classname="com.ProductionInchargeTestRunner.BPRMasterReview" name="bprmasterApprovalReturn" time="0.0">
    <ignored/>
  </testcase> <!-- bprmasterApprovalReturn -->
</testsuite> <!-- bprmasterApprovalInachargeReview1 -->
