<?xml version="1.0" encoding="UTF-8"?>
<!-- Generated by org.testng.reporters.JUnitXMLReporter -->
<testsuite ignored="1" hostname="AITHCLT046" failures="0" tests="1" name="bprmasterApprovalbyRA4" time="35.076" errors="0" timestamp="2025-01-30T11:23:41 IST">
  <testcase classname="com.RATestRunner.BPRMasterApproval" name="bprmasterApprovalbyRA" time="31.67"/>
  <testcase classname="com.RATestRunner.BPRMasterApproval" name="bprmasterReturnbyRA" time="0.0">
    <ignored/>
  </testcase> <!-- bprmasterReturnbyRA -->
</testsuite> <!-- bprmasterApprovalbyRA4 -->
