<?xml version="1.0" encoding="UTF-8"?>
<!-- Generated by org.testng.reporters.JUnitXMLReporter -->
<testsuite ignored="1" hostname="AITHCLT046" failures="0" tests="1" name="bprmasterApprovalProdHODApproval" time="35.453" errors="0" timestamp="2025-02-07T11:08:36 IST">
  <testcase classname="com.ProductionHODTestRunner.BPRMasterApproval" name="bprproductionhodapproval" time="32.18"/>
  <testcase classname="com.ProductionHODTestRunner.BPRMasterApproval" name="bprproductionhodreturn" time="0.0">
    <ignored/>
  </testcase> <!-- bprproductionhodreturn -->
</testsuite> <!-- bprmasterApprovalProdHODApproval -->
