<?xml version="1.0" encoding="UTF-8"?>
<!-- Generated by org.testng.reporters.JUnitXMLReporter -->
<testsuite ignored="1" hostname="AITHCLT046" failures="0" tests="1" name="bprmasterApprovalInachargeReview" time="38.822" errors="0" timestamp="2025-01-31T12:19:25 IST">
  <testcase classname="com.ProductionInchargeTestRunner.BPRMasterReview" name="bprmasterReview" time="34.007"/>
  <testcase classname="com.ProductionInchargeTestRunner.BPRMasterReview" name="bprmasterApprovalReturn" time="0.0">
    <ignored/>
  </testcase> <!-- bprmasterApprovalReturn -->
</testsuite> <!-- bprmasterApprovalInachargeReview -->
