<?xml version="1.0" encoding="UTF-8"?>
<!-- Generated by org.testng.reporters.JUnitXMLReporter -->
<testsuite ignored="2" hostname="AITHCLT046" failures="0" tests="1" name="bprprintRequestInitiation" time="55.306" errors="0" timestamp="2025-02-07T15:07:40 IST">
  <testcase classname="com.ProductionExecutiveTestRunner.BPRPrintRequestInitiation" name="bprprintRequestInitiation" time="49.175"/>
  <testcase classname="com.ProductionExecutiveTestRunner.BPRPrintRequestInitiation" name="bprprintRecievedAcknowledgment" time="0.0">
    <ignored/>
  </testcase> <!-- bprprintRecievedAcknowledgment -->
  <testcase classname="com.ProductionExecutiveTestRunner.BPRPrintRequestInitiation" name="bprprintRequestReInitiation" time="0.0">
    <ignored/>
  </testcase> <!-- bprprintRequestReInitiation -->
</testsuite> <!-- bprprintRequestInitiation -->
