<?xml version="1.0" encoding="UTF-8"?>
<!-- Generated by org.testng.reporters.JUnitXMLReporter -->
<testsuite ignored="7" hostname="AILT-100247" failures="0" tests="1" name="bulkinitiation" time="138.786" errors="0" timestamp="2024-10-10T11:25:22 IST">
  <testcase classname="com.InitiatorTestRunner.BMRProductDetailsInitiation" name="bulkinitiation" time="129.745"/>
  <testcase classname="com.InitiatorTestRunner.BMRProductDetailsInitiation" name="pelletsinitiation" time="0.0">
    <ignored/>
  </testcase> <!-- pelletsinitiation -->
  <testcase classname="com.InitiatorTestRunner.BMRProductDetailsInitiation" name="blendinitiationwithpellets" time="0.0">
    <ignored/>
  </testcase> <!-- blendinitiationwithpellets -->
  <testcase classname="com.InitiatorTestRunner.BMRProductDetailsInitiation" name="blendinitiationwithoutpellets" time="0.0">
    <ignored/>
  </testcase> <!-- blendinitiationwithoutpellets -->
  <testcase classname="com.InitiatorTestRunner.BMRProductDetailsInitiation" name="blendReinitiation" time="0.0">
    <ignored/>
  </testcase> <!-- blendReinitiation -->
  <testcase classname="com.InitiatorTestRunner.BMRProductDetailsInitiation" name="pelletsReinitiation" time="0.0">
    <ignored/>
  </testcase> <!-- pelletsReinitiation -->
  <testcase classname="com.InitiatorTestRunner.BMRProductDetailsInitiation" name="bulkReinitiation" time="0.0">
    <ignored/>
  </testcase> <!-- bulkReinitiation -->
  <testcase classname="com.InitiatorTestRunner.BMRProductDetailsInitiation" name="bulkbilayerinitiation" time="0.0">
    <ignored/>
  </testcase> <!-- bulkbilayerinitiation -->
</testsuite> <!-- bulkinitiation -->
