<?xml version="1.0" encoding="UTF-8"?>
<!-- Generated by org.testng.reporters.JUnitXMLReporter -->
<testsuite ignored="3" hostname="AITHCLT046" failures="0" tests="1" name="bulkbatchReinitiation" time="43.702" errors="0" timestamp="2025-02-01T17:28:03 IST">
  <testcase classname="com.ProductionExecutiveTestRunner.BMRBatchCompletionInitiationbyExe" name="bulkbatchReinitiation" time="39.208"/>
  <testcase classname="com.ProductionExecutiveTestRunner.BMRBatchCompletionInitiationbyExe" name="bulkbatchinitiation" time="0.0">
    <ignored/>
  </testcase> <!-- bulkbatchinitiation -->
  <testcase classname="com.ProductionExecutiveTestRunner.BMRBatchCompletionInitiationbyExe" name="batchReinitiation" time="0.0">
    <ignored/>
  </testcase> <!-- batchReinitiation -->
  <testcase classname="com.ProductionExecutiveTestRunner.BMRBatchCompletionInitiationbyExe" name="batchinitiation" time="0.0">
    <ignored/>
  </testcase> <!-- batchinitiation -->
</testsuite> <!-- bulkbatchReinitiation -->
