<?xml version="1.0" encoding="UTF-8"?>
<!-- Generated by org.testng.reporters.JUnitXMLReporter -->
<testsuite ignored="5" hostname="AILT-100247" failures="0" tests="1" name="commonbulkprintRequestInitiation" time="72.718" errors="0" timestamp="2024-12-24T10:57:44 IST">
  <testcase classname="com.ProductionExecutiveTestRunner.BMRPrintRequestInitiation" name="commonbulkprintRequestInitiation" time="61.993"/>
  <testcase classname="com.ProductionExecutiveTestRunner.BMRPrintRequestInitiation" name="printRecievedAcknowledgment" time="0.0">
    <ignored/>
  </testcase> <!-- printRecievedAcknowledgment -->
  <testcase classname="com.ProductionExecutiveTestRunner.BMRPrintRequestInitiation" name="standardbulkprintRequestInitiation" time="0.0">
    <ignored/>
  </testcase> <!-- standardbulkprintRequestInitiation -->
  <testcase classname="com.ProductionExecutiveTestRunner.BMRPrintRequestInitiation" name="bilayerbulkprintRequestInitiation" time="0.0">
    <ignored/>
  </testcase> <!-- bilayerbulkprintRequestInitiation -->
  <testcase classname="com.ProductionExecutiveTestRunner.BMRPrintRequestInitiation" name="printRequestInitiation" time="0.0">
    <ignored/>
  </testcase> <!-- printRequestInitiation -->
  <testcase classname="com.ProductionExecutiveTestRunner.BMRPrintRequestInitiation" name="printRequestReInitiation" time="0.0">
    <ignored/>
  </testcase> <!-- printRequestReInitiation -->
</testsuite> <!-- commonbulkprintRequestInitiation -->
