<?xml version="1.0" encoding="UTF-8"?>
<!-- Generated by org.testng.reporters.JUnitXMLReporter -->
<testsuite ignored="5" hostname="AILT-100247" failures="1" tests="1" name="DisableDosageForm" time="89.222" errors="0" timestamp="2024-12-16T14:58:30 IST">
  <testcase classname="com.MastersTestRunner.DosageFormTestRunner" name="dosagedisableenable" time="78.81">
    <failure type="org.openqa.selenium.NoSuchElementException" message="no such element: Unable to locate element: {&amp;quot;method&amp;quot;:&amp;quot;xpath&amp;quot;,&amp;quot;selector&amp;quot;:&amp;quot;//button[text()=&amp;apos;Yes&amp;apos;]&amp;quot;}
  (Session info: chrome=131.0.6778.140)
For documentation on this error, please visit: https://www.selenium.dev/documentation/webdriver/troubleshooting/errors#no-such-element-exception
Build info: version: &amp;apos;4.17.0&amp;apos;, revision: &amp;apos;e52b1be057*&amp;apos;
System info: os.name: &amp;apos;Windows 10&amp;apos;, os.arch: &amp;apos;amd64&amp;apos;, os.version: &amp;apos;10.0&amp;apos;, java.version: &amp;apos;14.0.2&amp;apos;
Driver info: org.openqa.selenium.chrome.ChromeDriver
Command: [f393cfa4fe6eb79f2b7c5118ba904f48, findElement {value=//button[text()=&amp;apos;Yes&amp;apos;], using=xpath}]
Capabilities {acceptInsecureCerts: false, browserName: chrome, browserVersion: 131.0.6778.140, chrome: {chromedriverVersion: 131.0.6778.108 (3b014839fbc..., userDataDir: C:\Users\VAISHN~1.T\AppData...}, fedcm:accounts: true, goog:chromeOptions: {debuggerAddress: localhost:59436}, networkConnectionEnabled: false, pageLoadStrategy: normal, platformName: windows, proxy: Proxy(), se:cdp: ws://localhost:59436/devtoo..., se:cdpVersion: 131.0.6778.140, setWindowRect: true, strictFileInteractability: false, timeouts: {implicit: 0, pageLoad: 300000, script: 30000}, unhandledPromptBehavior: dismiss and notify, webauthn:extension:credBlob: true, webauthn:extension:largeBlob: true, webauthn:extension:minPinLength: true, webauthn:extension:prf: true, webauthn:virtualAuthenticators: true}
Session ID: f393cfa4fe6eb79f2b7c5118ba904f48">
      <![CDATA[org.openqa.selenium.NoSuchElementException: no such element: Unable to locate element: {"method":"xpath","selector":"//button[text()='Yes']"}
  (Session info: chrome=131.0.6778.140)
For documentation on this error, please visit: https://www.selenium.dev/documentation/webdriver/troubleshooting/errors#no-such-element-exception
Build info: version: '4.17.0', revision: 'e52b1be057*'
System info: os.name: 'Windows 10', os.arch: 'amd64', os.version: '10.0', java.version: '14.0.2'
Driver info: org.openqa.selenium.chrome.ChromeDriver
Command: [f393cfa4fe6eb79f2b7c5118ba904f48, findElement {value=//button[text()='Yes'], using=xpath}]
Capabilities {acceptInsecureCerts: false, browserName: chrome, browserVersion: 131.0.6778.140, chrome: {chromedriverVersion: 131.0.6778.108 (3b014839fbc..., userDataDir: C:\Users\VAISHN~1.T\AppData...}, fedcm:accounts: true, goog:chromeOptions: {debuggerAddress: localhost:59436}, networkConnectionEnabled: false, pageLoadStrategy: normal, platformName: windows, proxy: Proxy(), se:cdp: ws://localhost:59436/devtoo..., se:cdpVersion: 131.0.6778.140, setWindowRect: true, strictFileInteractability: false, timeouts: {implicit: 0, pageLoad: 300000, script: 30000}, unhandledPromptBehavior: dismiss and notify, webauthn:extension:credBlob: true, webauthn:extension:largeBlob: true, webauthn:extension:minPinLength: true, webauthn:extension:prf: true, webauthn:virtualAuthenticators: true}
Session ID: f393cfa4fe6eb79f2b7c5118ba904f48
at org.openqa.selenium.remote.codec.w3c.W3CHttpResponseCodec.createException(W3CHttpResponseCodec.java:185)
at org.openqa.selenium.remote.codec.w3c.W3CHttpResponseCodec.decode(W3CHttpResponseCodec.java:134)
at org.openqa.selenium.remote.codec.w3c.W3CHttpResponseCodec.decode(W3CHttpResponseCodec.java:51)
at org.openqa.selenium.remote.HttpCommandExecutor.execute(HttpCommandExecutor.java:190)
at org.openqa.selenium.remote.service.DriverCommandExecutor.invokeExecute(DriverCommandExecutor.java:216)
at org.openqa.selenium.remote.service.DriverCommandExecutor.execute(DriverCommandExecutor.java:174)
at org.openqa.selenium.remote.RemoteWebDriver.execute(RemoteWebDriver.java:519)
at org.openqa.selenium.remote.ElementLocation$ElementFinder$2.findElement(ElementLocation.java:165)
at org.openqa.selenium.remote.ElementLocation.findElement(ElementLocation.java:59)
at org.openqa.selenium.remote.RemoteWebDriver.findElement(RemoteWebDriver.java:356)
at org.openqa.selenium.remote.RemoteWebDriver.findElement(RemoteWebDriver.java:350)
at org.openqa.selenium.support.pagefactory.DefaultElementLocator.findElement(DefaultElementLocator.java:68)
at org.openqa.selenium.support.pagefactory.internal.LocatingElementHandler.invoke(LocatingElementHandler.java:38)
at com.sun.proxy.$Proxy19.click(Unknown Source)
at com.BasicData.BRMSCommonMethods.clickElement(BRMSCommonMethods.java:145)
at com.MasterPageObjects.DosageForm.updateactivity(DosageForm.java:92)
at com.MastersTestRunner.DosageFormTestRunner.dosagedisableenable(DosageFormTestRunner.java:70)
at java.base/java.util.ArrayList.forEach(ArrayList.java:1511)
... Removed 32 stack frames]]>
    </failure>
  </testcase> <!-- dosagedisableenable -->
  <testcase classname="com.MastersTestRunner.DosageFormTestRunner" name="dosageformcreation" time="0.0">
    <ignored/>
  </testcase> <!-- dosageformcreation -->
  <testcase classname="com.MastersTestRunner.DosageFormTestRunner" name="dosageformupdate" time="0.0">
    <ignored/>
  </testcase> <!-- dosageformupdate -->
  <testcase classname="com.MastersTestRunner.DosageFormTestRunner" name="existeddosagecreation" time="0.0">
    <ignored/>
  </testcase> <!-- existeddosagecreation -->
  <testcase classname="com.MastersTestRunner.DosageFormTestRunner" name="dosagecreatewithspace" time="0.0">
    <ignored/>
  </testcase> <!-- dosagecreatewithspace -->
  <testcase classname="com.MastersTestRunner.DosageFormTestRunner" name="dosageupdatewithspace" time="0.0">
    <ignored/>
  </testcase> <!-- dosageupdatewithspace -->
</testsuite> <!-- DisableDosageForm -->
