<?xml version="1.0" encoding="UTF-8"?>
<!-- Generated by org.testng.reporters.JUnitXMLReporter -->
<testsuite ignored="5" hostname="AILT-100247" failures="1" tests="1" name="DosageFormcreation" time="84.712" errors="0" timestamp="2024-12-16T14:50:47 IST">
  <testcase classname="com.MastersTestRunner.DosageFormTestRunner" name="dosageformcreation" time="76.919">
    <failure type="org.openqa.selenium.ElementNotInteractableException" message="element not interactable
  (Session info: chrome=131.0.6778.140)
Build info: version: &amp;apos;4.17.0&amp;apos;, revision: &amp;apos;e52b1be057*&amp;apos;
System info: os.name: &amp;apos;Windows 10&amp;apos;, os.arch: &amp;apos;amd64&amp;apos;, os.version: &amp;apos;10.0&amp;apos;, java.version: &amp;apos;14.0.2&amp;apos;
Driver info: org.openqa.selenium.chrome.ChromeDriver
Command: [6742626812fefb9186d006071a100974, clickElement {id=f.B5AC70FB4751BB09F3C3EF2F32CD337C.d.1116C9C2B758F9FEAE70B2322EDE8782.e.21}]
Capabilities {acceptInsecureCerts: false, browserName: chrome, browserVersion: 131.0.6778.140, chrome: {chromedriverVersion: 131.0.6778.108 (3b014839fbc..., userDataDir: C:\Users\VAISHN~1.T\AppData...}, fedcm:accounts: true, goog:chromeOptions: {debuggerAddress: localhost:62696}, networkConnectionEnabled: false, pageLoadStrategy: normal, platformName: windows, proxy: Proxy(), se:cdp: ws://localhost:62696/devtoo..., se:cdpVersion: 131.0.6778.140, setWindowRect: true, strictFileInteractability: false, timeouts: {implicit: 0, pageLoad: 300000, script: 30000}, unhandledPromptBehavior: dismiss and notify, webauthn:extension:credBlob: true, webauthn:extension:largeBlob: true, webauthn:extension:minPinLength: true, webauthn:extension:prf: true, webauthn:virtualAuthenticators: true}
Element: [[ChromeDriver: chrome on windows (6742626812fefb9186d006071a100974)] -&amp;gt; xpath: (//input[@type=&amp;apos;password&amp;apos;])[1]]
Session ID: 6742626812fefb9186d006071a100974">
      <![CDATA[org.openqa.selenium.ElementNotInteractableException: element not interactable
  (Session info: chrome=131.0.6778.140)
Build info: version: '4.17.0', revision: 'e52b1be057*'
System info: os.name: 'Windows 10', os.arch: 'amd64', os.version: '10.0', java.version: '14.0.2'
Driver info: org.openqa.selenium.chrome.ChromeDriver
Command: [6742626812fefb9186d006071a100974, clickElement {id=f.B5AC70FB4751BB09F3C3EF2F32CD337C.d.1116C9C2B758F9FEAE70B2322EDE8782.e.21}]
Capabilities {acceptInsecureCerts: false, browserName: chrome, browserVersion: 131.0.6778.140, chrome: {chromedriverVersion: 131.0.6778.108 (3b014839fbc..., userDataDir: C:\Users\VAISHN~1.T\AppData...}, fedcm:accounts: true, goog:chromeOptions: {debuggerAddress: localhost:62696}, networkConnectionEnabled: false, pageLoadStrategy: normal, platformName: windows, proxy: Proxy(), se:cdp: ws://localhost:62696/devtoo..., se:cdpVersion: 131.0.6778.140, setWindowRect: true, strictFileInteractability: false, timeouts: {implicit: 0, pageLoad: 300000, script: 30000}, unhandledPromptBehavior: dismiss and notify, webauthn:extension:credBlob: true, webauthn:extension:largeBlob: true, webauthn:extension:minPinLength: true, webauthn:extension:prf: true, webauthn:virtualAuthenticators: true}
Element: [[ChromeDriver: chrome on windows (6742626812fefb9186d006071a100974)] -> xpath: (//input[@type='password'])[1]]
Session ID: 6742626812fefb9186d006071a100974
at org.openqa.selenium.remote.codec.w3c.W3CHttpResponseCodec.createException(W3CHttpResponseCodec.java:185)
at org.openqa.selenium.remote.codec.w3c.W3CHttpResponseCodec.decode(W3CHttpResponseCodec.java:134)
at org.openqa.selenium.remote.codec.w3c.W3CHttpResponseCodec.decode(W3CHttpResponseCodec.java:51)
at org.openqa.selenium.remote.HttpCommandExecutor.execute(HttpCommandExecutor.java:190)
at org.openqa.selenium.remote.service.DriverCommandExecutor.invokeExecute(DriverCommandExecutor.java:216)
at org.openqa.selenium.remote.service.DriverCommandExecutor.execute(DriverCommandExecutor.java:174)
at org.openqa.selenium.remote.RemoteWebDriver.execute(RemoteWebDriver.java:519)
at org.openqa.selenium.remote.RemoteWebElement.execute(RemoteWebElement.java:223)
at org.openqa.selenium.remote.RemoteWebElement.click(RemoteWebElement.java:76)
at org.openqa.selenium.support.pagefactory.internal.LocatingElementHandler.invoke(LocatingElementHandler.java:51)
at com.sun.proxy.$Proxy19.click(Unknown Source)
at com.BasicData.BRMSCommonMethods.textbox(BRMSCommonMethods.java:189)
at com.MasterPageObjects.DosageForm.createactivity(DosageForm.java:188)
at com.MastersTestRunner.DosageFormTestRunner.dosageformcreation(DosageFormTestRunner.java:34)
at java.base/java.util.ArrayList.forEach(ArrayList.java:1511)
... Removed 35 stack frames]]>
    </failure>
  </testcase> <!-- dosageformcreation -->
  <testcase classname="com.MastersTestRunner.DosageFormTestRunner" name="dosageupdatewithspace" time="0.0">
    <ignored/>
  </testcase> <!-- dosageupdatewithspace -->
  <testcase classname="com.MastersTestRunner.DosageFormTestRunner" name="existeddosagecreation" time="0.0">
    <ignored/>
  </testcase> <!-- existeddosagecreation -->
  <testcase classname="com.MastersTestRunner.DosageFormTestRunner" name="dosagecreatewithspace" time="0.0">
    <ignored/>
  </testcase> <!-- dosagecreatewithspace -->
  <testcase classname="com.MastersTestRunner.DosageFormTestRunner" name="dosageformupdate" time="0.0">
    <ignored/>
  </testcase> <!-- dosageformupdate -->
  <testcase classname="com.MastersTestRunner.DosageFormTestRunner" name="dosagedisableenable" time="0.0">
    <ignored/>
  </testcase> <!-- dosagedisableenable -->
</testsuite> <!-- DosageFormcreation -->
