<?xml version="1.0" encoding="UTF-8"?>
<!-- Generated by org.testng.reporters.JUnitXMLReporter -->
<testsuite ignored="5" hostname="AILT-100247" failures="0" tests="1" name="existedmopcreation1" time="18.192" errors="0" timestamp="2024-12-16T15:11:18 IST">
  <testcase classname="com.MastersTestRunner.ModeofPackingTestRunner" name="existedmopcreation1" time="10.051"/>
  <testcase classname="com.MastersTestRunner.ModeofPackingTestRunner" name="mopcreation" time="0.0">
    <ignored/>
  </testcase> <!-- mopcreation -->
  <testcase classname="com.MastersTestRunner.ModeofPackingTestRunner" name="existedmopcreation" time="0.0">
    <ignored/>
  </testcase> <!-- existedmopcreation -->
  <testcase classname="com.MastersTestRunner.ModeofPackingTestRunner" name="mopdisableenable" time="0.0">
    <ignored/>
  </testcase> <!-- mopdisableenable -->
  <testcase classname="com.MastersTestRunner.ModeofPackingTestRunner" name="addmopinedit" time="0.0">
    <ignored/>
  </testcase> <!-- addmopinedit -->
  <testcase classname="com.MastersTestRunner.ModeofPackingTestRunner" name="mopupdate" time="0.0">
    <ignored/>
  </testcase> <!-- mopupdate -->
</testsuite> <!-- existedmopcreation1 -->
