<?xml version="1.0" encoding="UTF-8"?>
<!-- Generated by org.testng.reporters.JUnitXMLReporter -->
<testsuite ignored="5" hostname="AILT-100247" failures="0" tests="1" name="existedblocklocationcreation1" time="28.92" errors="0" timestamp="2024-10-09T10:33:46 IST">
  <testcase classname="com.MastersTestRunner.BlockandLocationTestRunner" name="existedblocklocationcreation1" time="19.897"/>
  <testcase classname="com.MastersTestRunner.BlockandLocationTestRunner" name="addblocklocationinedit" time="0.0">
    <ignored/>
  </testcase> <!-- addblocklocationinedit -->
  <testcase classname="com.MastersTestRunner.BlockandLocationTestRunner" name="blocklocationdisableenable" time="0.0">
    <ignored/>
  </testcase> <!-- blocklocationdisableenable -->
  <testcase classname="com.MastersTestRunner.BlockandLocationTestRunner" name="blocklocationcreation" time="0.0">
    <ignored/>
  </testcase> <!-- blocklocationcreation -->
  <testcase classname="com.MastersTestRunner.BlockandLocationTestRunner" name="existedblocklocationcreation" time="0.0">
    <ignored/>
  </testcase> <!-- existedblocklocationcreation -->
  <testcase classname="com.MastersTestRunner.BlockandLocationTestRunner" name="blocklocationedit" time="0.0">
    <ignored/>
  </testcase> <!-- blocklocationedit -->
</testsuite> <!-- existedblocklocationcreation1 -->
