<?xml version="1.0" encoding="UTF-8"?>
<!-- Generated by org.testng.reporters.JUnitXMLReporter -->
<testsuite ignored="5" hostname="AILT-100247" failures="0" tests="1" name="ExistedBlockorLocationCreation" time="27.855" errors="0" timestamp="2024-12-16T14:35:48 IST">
  <testcase classname="com.MastersTestRunner.BlockandLocationTestRunner" name="existedblocklocationcreation" time="18.733"/>
  <testcase classname="com.MastersTestRunner.BlockandLocationTestRunner" name="existedblocklocationcreation1" time="0.0">
    <ignored/>
  </testcase> <!-- existedblocklocationcreation1 -->
  <testcase classname="com.MastersTestRunner.BlockandLocationTestRunner" name="addblocklocationinedit" time="0.0">
    <ignored/>
  </testcase> <!-- addblocklocationinedit -->
  <testcase classname="com.MastersTestRunner.BlockandLocationTestRunner" name="blocklocationedit" time="0.0">
    <ignored/>
  </testcase> <!-- blocklocationedit -->
  <testcase classname="com.MastersTestRunner.BlockandLocationTestRunner" name="blocklocationdisableenable" time="0.0">
    <ignored/>
  </testcase> <!-- blocklocationdisableenable -->
  <testcase classname="com.MastersTestRunner.BlockandLocationTestRunner" name="blocklocationcreation" time="0.0">
    <ignored/>
  </testcase> <!-- blocklocationcreation -->
</testsuite> <!-- ExistedBlockorLocationCreation -->
