<?xml version="1.0" encoding="UTF-8"?>
<!-- Generated by org.testng.reporters.JUnitXMLReporter -->
<testsuite ignored="1" hostname="AITHCLT046" failures="0" tests="1" name="issue" time="45.411" errors="0" timestamp="2025-02-07T15:10:38 IST">
  <testcase classname="com.QAOfficerTestRunner.BPRPrintIssuanceandPrint" name="issue" time="40.37"/>
  <testcase classname="com.QAOfficerTestRunner.BPRPrintIssuanceandPrint" name="print" time="0.0">
    <ignored/>
  </testcase> <!-- print -->
</testsuite> <!-- issue -->
