<?xml version="1.0" encoding="UTF-8"?>
<!-- Generated by org.testng.reporters.JUnitXMLReporter -->
<testsuite ignored="1" hostname="AILT-100247" failures="0" tests="1" name="MasterApprovalbyTechTransfer" time="45.753" errors="0" timestamp="2024-12-24T10:34:41 IST">
  <testcase classname="com.TechTransferTestRunner.BMRMasterApprovalByTechTransfer" name="masterApprovalnbyTechtransferOrRandD" time="37.267"/>
  <testcase classname="com.TechTransferTestRunner.BMRMasterApprovalByTechTransfer" name="masterApprovalReturnbyTechtransfer" time="0.0">
    <ignored/>
  </testcase> <!-- masterApprovalReturnbyTechtransfer -->
</testsuite> <!-- MasterApprovalbyTechTransfer -->
