<?xml version="1.0" encoding="UTF-8"?>
<!-- Generated by org.testng.reporters.JUnitXMLReporter -->
<testsuite ignored="1" hostname="AILT-100247" failures="0" tests="1" name="MasterApprovalReturnbyQAHOD" time="40.921" errors="0" timestamp="2024-12-23T11:30:09 IST">
  <testcase classname="com.QAHODorInchargeTestRunner.MasterApprovalByQAHOD" name="masterApprovalReturnbyQAHOD" time="34.056"/>
  <testcase classname="com.QAHODorInchargeTestRunner.MasterApprovalByQAHOD" name="qaHODMasterApproval" time="0.0">
    <ignored/>
  </testcase> <!-- qaHODMasterApproval -->
</testsuite> <!-- MasterApprovalReturnbyQAHOD -->
