<?xml version="1.0" encoding="UTF-8"?>
<!-- Generated by org.testng.reporters.JUnitXMLReporter -->
<testsuite ignored="1" hostname="AILT-100247" failures="0" tests="1" name="MasterApprovalbyTechTransfer4" time="40.975" errors="0" timestamp="2024-12-23T11:28:08 IST">
  <testcase classname="com.TechTransferTestRunner.BMRMasterApprovalByTechTransfer" name="masterApprovalnbyTechtransferOrRandD" time="33.257"/>
  <testcase classname="com.TechTransferTestRunner.BMRMasterApprovalByTechTransfer" name="masterApprovalReturnbyTechtransfer" time="0.0">
    <ignored/>
  </testcase> <!-- masterApprovalReturnbyTechtransfer -->
</testsuite> <!-- MasterApprovalbyTechTransfer4 -->
