<?xml version="1.0" encoding="UTF-8"?>
<!-- Generated by org.testng.reporters.JUnitXMLReporter -->
<testsuite ignored="1" hostname="AITHCLT046" failures="0" tests="1" name="MasterApprovalbyProductionIncharge3" time="36.046" errors="0" timestamp="2025-02-06T14:32:29 IST">
  <testcase classname="com.ProductionInchargeTestRunner.ProductionInchargeMasterApprovalReview" name="masterApproval" time="32.435"/>
  <testcase classname="com.ProductionInchargeTestRunner.ProductionInchargeMasterApprovalReview" name="masterApprovalReturn" time="0.0">
    <ignored/>
  </testcase> <!-- masterApprovalReturn -->
</testsuite> <!-- MasterApprovalbyProductionIncharge3 -->
