<?xml version="1.0" encoding="UTF-8"?>
<!-- Generated by org.testng.reporters.JUnitXMLReporter -->
<testsuite ignored="1" hostname="AILT-100247" failures="0" tests="1" name="MasterApprovalReturnbyRA" time="40.345" errors="0" timestamp="2025-01-17T15:10:40 IST">
  <testcase classname="com.RATestRunner.BMRMasterApprovalbyRA" name="masterApprovalReturnbyRA" time="34.389"/>
  <testcase classname="com.RATestRunner.BMRMasterApprovalbyRA" name="rAMasterApproval" time="0.0">
    <ignored/>
  </testcase> <!-- rAMasterApproval -->
</testsuite> <!-- MasterApprovalReturnbyRA -->
