<?xml version="1.0" encoding="UTF-8"?>
<!-- Generated by org.testng.reporters.JUnitXMLReporter -->
<testsuite ignored="1" hostname="AILT-100247" failures="0" tests="1" name="MasterApprovalbyQAHOD" time="47.215" errors="0" timestamp="2025-01-25T12:43:22 IST">
  <testcase classname="com.QAHODorInchargeTestRunner.MasterApprovalByQAHOD" name="qaHODMasterApproval" time="35.564"/>
  <testcase classname="com.QAHODorInchargeTestRunner.MasterApprovalByQAHOD" name="masterApprovalReturnbyQAHOD" time="0.0">
    <ignored/>
  </testcase> <!-- masterApprovalReturnbyQAHOD -->
</testsuite> <!-- MasterApprovalbyQAHOD -->
