<?xml version="1.0" encoding="UTF-8"?>
<!-- Generated by org.testng.reporters.JUnitXMLReporter -->
<testsuite ignored="1" hostname="AILT-100247" failures="0" tests="1" name="MasterApprovalbyProductionHOD4" time="35.424" errors="0" timestamp="2024-12-21T12:09:10 IST">
  <testcase classname="com.ProductionHODTestRunner.MasterApprovalByProductionHOD" name="productionhodapproval" time="29.149"/>
  <testcase classname="com.ProductionHODTestRunner.MasterApprovalByProductionHOD" name="productionhodreturn" time="0.0">
    <ignored/>
  </testcase> <!-- productionhodreturn -->
</testsuite> <!-- MasterApprovalbyProductionHOD4 -->
