<?xml version="1.0" encoding="UTF-8"?>
<!-- Generated by org.testng.reporters.JUnitXMLReporter -->
<testsuite ignored="1" hostname="AILT-100247" failures="0" tests="1" name="MasterApprovalbyRA" time="35.527" errors="0" timestamp="2024-12-21T12:06:44 IST">
  <testcase classname="com.RATestRunner.BMRMasterApprovalbyRA" name="rAMasterApproval" time="29.407"/>
  <testcase classname="com.RATestRunner.BMRMasterApprovalbyRA" name="masterApprovalReturnbyRA" time="0.0">
    <ignored/>
  </testcase> <!-- masterApprovalReturnbyRA -->
</testsuite> <!-- MasterApprovalbyRA -->
