<?xml version="1.0" encoding="UTF-8"?>
<!-- Generated by org.testng.reporters.JUnitXMLReporter -->
<testsuite ignored="1" hostname="AILT-100247" failures="0" tests="1" name="MasterApprovalbyTechTransfer5" time="36.073" errors="0" timestamp="2024-12-21T12:14:12 IST">
  <testcase classname="com.TechTransferTestRunner.BMRMasterApprovalByTechTransfer" name="masterApprovalnbyTechtransferOrRandD" time="29.268"/>
  <testcase classname="com.TechTransferTestRunner.BMRMasterApprovalByTechTransfer" name="masterApprovalReturnbyTechtransfer" time="0.0">
    <ignored/>
  </testcase> <!-- masterApprovalReturnbyTechtransfer -->
</testsuite> <!-- MasterApprovalbyTechTransfer5 -->
