<?xml version="1.0" encoding="UTF-8"?>
<!-- Generated by org.testng.reporters.JUnitXMLReporter -->
<testsuite ignored="1" hostname="AITHCLT046" failures="0" tests="1" name="MasterApprovalReturnbyTechTransfer" time="38.359" errors="0" timestamp="2025-02-06T14:28:00 IST">
  <testcase classname="com.TechTransferTestRunner.BMRMasterApprovalByTechTransfer" name="masterApprovalReturnbyTechtransfer" time="33.462"/>
  <testcase classname="com.TechTransferTestRunner.BMRMasterApprovalByTechTransfer" name="masterApprovalnbyTechtransferOrRandD" time="0.0">
    <ignored/>
  </testcase> <!-- masterApprovalnbyTechtransferOrRandD -->
</testsuite> <!-- MasterApprovalReturnbyTechTransfer -->
