<?xml version="1.0" encoding="UTF-8"?>
<!-- Generated by org.testng.reporters.JUnitXMLReporter -->
<testsuite ignored="1" hostname="AILT-100247" failures="0" tests="1" name="MasterApprovalReInitiation2" time="40.255" errors="0" timestamp="2024-12-21T12:01:17 IST">
  <testcase classname="com.InitiatorTestRunner.BMRMasterApproval" name="masterApprovalReInitiation" time="32.475"/>
  <testcase classname="com.InitiatorTestRunner.BMRMasterApproval" name="masterApprovalInitiation" time="0.0">
    <ignored/>
  </testcase> <!-- masterApprovalInitiation -->
</testsuite> <!-- MasterApprovalReInitiation2 -->
