<?xml version="1.0" encoding="UTF-8"?>
<!-- Generated by org.testng.reporters.JUnitXMLReporter -->
<testsuite ignored="1" hostname="AITHCLT046" failures="0" tests="1" name="MasterApprovalbyQAHOD" time="35.722" errors="0" timestamp="2025-02-06T14:43:26 IST">
  <testcase classname="com.QAHODorInchargeTestRunner.MasterApprovalByQAHOD" name="qaHODMasterApproval" time="31.95"/>
  <testcase classname="com.QAHODorInchargeTestRunner.MasterApprovalByQAHOD" name="masterApprovalReturnbyQAHOD" time="0.0">
    <ignored/>
  </testcase> <!-- masterApprovalReturnbyQAHOD -->
</testsuite> <!-- MasterApprovalbyQAHOD -->
