<?xml version="1.0" encoding="UTF-8"?>
<!-- Generated by org.testng.reporters.JUnitXMLReporter -->
<testsuite ignored="1" hostname="AITHCLT046" failures="0" tests="1" name="MasterApprovalReturnbyRA" time="38.241" errors="0" timestamp="2025-02-06T14:31:16 IST">
  <testcase classname="com.RATestRunner.BMRMasterApprovalbyRA" name="masterApprovalReturnbyRA" time="32.735"/>
  <testcase classname="com.RATestRunner.BMRMasterApprovalbyRA" name="rAMasterApproval" time="0.0">
    <ignored/>
  </testcase> <!-- rAMasterApproval -->
</testsuite> <!-- MasterApprovalReturnbyRA -->
