<?xml version="1.0" encoding="UTF-8"?>
<!-- Generated by org.testng.reporters.JUnitXMLReporter -->
<testsuite ignored="1" hostname="AILT-100247" failures="0" tests="1" name="MasterApprovalReInitiation" time="44.109" errors="0" timestamp="2024-12-23T15:39:44 IST">
  <testcase classname="com.InitiatorTestRunner.BMRMasterApproval" name="masterApprovalReInitiation" time="37.222"/>
  <testcase classname="com.InitiatorTestRunner.BMRMasterApproval" name="masterApprovalInitiation" time="0.0">
    <ignored/>
  </testcase> <!-- masterApprovalInitiation -->
</testsuite> <!-- MasterApprovalReInitiation -->
