<?xml version="1.0" encoding="UTF-8"?>
<!-- Generated by org.testng.reporters.JUnitXMLReporter -->
<testsuite ignored="1" hostname="AILT-100247" failures="0" tests="1" name="MasterApprovalbyProductionIncharge3" time="43.667" errors="0" timestamp="2025-01-17T15:12:06 IST">
  <testcase classname="com.ProductionInchargeTestRunner.ProductionInchargeMasterApprovalReview" name="masterApproval" time="34.795"/>
  <testcase classname="com.ProductionInchargeTestRunner.ProductionInchargeMasterApprovalReview" name="masterApprovalReturn" time="0.0">
    <ignored/>
  </testcase> <!-- masterApprovalReturn -->
</testsuite> <!-- MasterApprovalbyProductionIncharge3 -->
