<?xml version="1.0" encoding="UTF-8"?>
<!-- Generated by org.testng.reporters.JUnitXMLReporter -->
<testsuite ignored="1" hostname="AILT-100247" failures="0" tests="1" name="MasterApprovalbyQAIncharge5" time="38.984" errors="0" timestamp="2025-01-17T15:23:36 IST">
  <testcase classname="com.QAHODorInchargeTestRunner.MasterApprovalByQAIncharge" name="qaInchargeMasterApproval" time="33.5"/>
  <testcase classname="com.QAHODorInchargeTestRunner.MasterApprovalByQAIncharge" name="masterApprovalReturnbyQAIncharge" time="0.0">
    <ignored/>
  </testcase> <!-- masterApprovalReturnbyQAIncharge -->
</testsuite> <!-- MasterApprovalbyQAIncharge5 -->
