<?xml version="1.0" encoding="UTF-8"?>
<!-- Generated by org.testng.reporters.JUnitXMLReporter -->
<testsuite ignored="1" hostname="AITHCLT046" failures="0" tests="1" name="MasterApprovalbyRA" time="53.133" errors="0" timestamp="2025-05-14T16:02:08 IST">
  <testcase classname="com.RATestRunner.BMRMasterApprovalbyRA" name="rAMasterApproval" time="49.27"/>
  <testcase classname="com.RATestRunner.BMRMasterApprovalbyRA" name="masterApprovalReturnbyRA" time="0.0">
    <ignored/>
  </testcase> <!-- masterApprovalReturnbyRA -->
</testsuite> <!-- MasterApprovalbyRA -->
