<?xml version="1.0" encoding="UTF-8"?>
<!-- Generated by org.testng.reporters.JUnitXMLReporter -->
<testsuite ignored="1" hostname="AITHCLT046" failures="0" tests="1" name="MasterApprovalbyProductionIncharge4" time="37.319" errors="0" timestamp="2025-02-06T14:36:10 IST">
  <testcase classname="com.ProductionInchargeTestRunner.ProductionInchargeMasterApprovalReview" name="masterApproval" time="31.885"/>
  <testcase classname="com.ProductionInchargeTestRunner.ProductionInchargeMasterApprovalReview" name="masterApprovalReturn" time="0.0">
    <ignored/>
  </testcase> <!-- masterApprovalReturn -->
</testsuite> <!-- MasterApprovalbyProductionIncharge4 -->
