<?xml version="1.0" encoding="UTF-8"?>
<!-- Generated by org.testng.reporters.JUnitXMLReporter -->
<testsuite ignored="1" hostname="AITHCLT046" failures="0" tests="1" name="MasterApprovalReInitiation5" time="37.722" errors="0" timestamp="2025-02-06T14:39:51 IST">
  <testcase classname="com.InitiatorTestRunner.BMRMasterApproval" name="masterApprovalReInitiation" time="33.698"/>
  <testcase classname="com.InitiatorTestRunner.BMRMasterApproval" name="masterApprovalInitiation" time="0.0">
    <ignored/>
  </testcase> <!-- masterApprovalInitiation -->
</testsuite> <!-- MasterApprovalReInitiation5 -->
