<?xml version="1.0" encoding="UTF-8"?>
<!-- Generated by org.testng.reporters.JUnitXMLReporter -->
<testsuite ignored="1" hostname="AILT-100247" failures="0" tests="1" name="MasterApprovalReturnbyQAHOD" time="27.59" errors="0" timestamp="2024-11-20T10:14:55 IST">
  <testcase classname="com.QAHODorInchargeTestRunner.MasterApprovalByQAHOD" name="masterApprovalReturnbyQAHOD" time="20.552"/>
  <testcase classname="com.QAHODorInchargeTestRunner.MasterApprovalByQAHOD" name="qaHODMasterApproval" time="0.0">
    <ignored/>
  </testcase> <!-- qaHODMasterApproval -->
</testsuite> <!-- MasterApprovalReturnbyQAHOD -->
