<?xml version="1.0" encoding="UTF-8"?>
<!-- Generated by org.testng.reporters.JUnitXMLReporter -->
<testsuite ignored="1" hostname="AITHCLT046" failures="0" tests="1" name="MasterApprovalbyProductionHOD2" time="52.645" errors="0" timestamp="2025-05-14T15:56:40 IST">
  <testcase classname="com.ProductionHODTestRunner.MasterApprovalByProductionHOD" name="productionhodapproval" time="48.746"/>
  <testcase classname="com.ProductionHODTestRunner.MasterApprovalByProductionHOD" name="productionhodreturn" time="0.0">
    <ignored/>
  </testcase> <!-- productionhodreturn -->
</testsuite> <!-- MasterApprovalbyProductionHOD2 -->
