<?xml version="1.0" encoding="UTF-8"?>
<!-- Generated by org.testng.reporters.JUnitXMLReporter -->
<testsuite ignored="2" hostname="AITHCLT046" failures="0" tests="1" name="obsoleteApproval" time="39.649" errors="0" timestamp="2025-02-07T16:32:10 IST">
  <testcase classname="com.QAHODorInchargeTestRunner.BMRObsoleteApprovalNdReject" name="obsoleteApproval" time="34.844"/>
  <testcase classname="com.QAHODorInchargeTestRunner.BMRObsoleteApprovalNdReject" name="obsoleteReject" time="0.0">
    <ignored/>
  </testcase> <!-- obsoleteReject -->
  <testcase classname="com.QAHODorInchargeTestRunner.BMRObsoleteApprovalNdReject" name="obsoleteReturn" time="0.0">
    <ignored/>
  </testcase> <!-- obsoleteReturn -->
</testsuite> <!-- obsoleteApproval -->
