<?xml version="1.0" encoding="UTF-8"?>
<!-- Generated by org.testng.reporters.JUnitXMLReporter -->
<testsuite ignored="1" hostname="AITHCLT046" failures="0" tests="1" name="obsoleteReview1" time="38.965" errors="0" timestamp="2025-02-07T16:31:30 IST">
  <testcase classname="com.ProductionInchargeTestRunner.BMRObsoleteReview" name="obsoleteReview" time="34.365"/>
  <testcase classname="com.ProductionInchargeTestRunner.BMRObsoleteReview" name="obsoleteReturn" time="0.0">
    <ignored/>
  </testcase> <!-- obsoleteReturn -->
</testsuite> <!-- obsoleteReview1 -->
