<?xml version="1.0" encoding="UTF-8"?>
<!-- Generated by org.testng.reporters.JUnitXMLReporter -->
<testsuite ignored="1" hostname="AITHCLT046" failures="0" tests="1" name="obsoleteReturn" time="2.299" errors="0" timestamp="2025-04-05T16:16:41 IST">
  <testcase classname="com.ProductionInchargeTestRunner.BMRObsoleteReview" name="obsoleteReturn" time="0.0">
    <skipped/>
  </testcase> <!-- obsoleteReturn -->
  <testcase classname="com.ProductionInchargeTestRunner.BMRObsoleteReview" name="obsoleteReview" time="0.0">
    <ignored/>
  </testcase> <!-- obsoleteReview -->
</testsuite> <!-- obsoleteReturn -->
