<?xml version="1.0" encoding="UTF-8"?>
<!-- Generated by org.testng.reporters.JUnitXMLReporter -->
<testsuite ignored="7" hostname="AILT-100247" failures="1" tests="1" name="PelletsInitiation" time="99.202" errors="0" timestamp="2024-11-25T10:50:55 IST">
  <testcase classname="com.InitiatorTestRunner.BMRProductDetailsInitiation" name="pelletsinitiation" time="92.12">
    <failure type="org.openqa.selenium.ElementClickInterceptedException" message="element click intercepted: Element &amp;lt;button _ngcontent-ng-c825970263=&amp;quot;&amp;quot; class=&amp;quot;btn successBtn btn-block ml-3&amp;quot;&amp;gt;...&amp;lt;/button&amp;gt; is not clickable at point (1227, 442). Other element would receive the click: &amp;lt;div _ngcontent-ng-c1626708692=&amp;quot;&amp;quot; id=&amp;quot;myModal&amp;quot; role=&amp;quot;dialog&amp;quot; data-backdrop=&amp;quot;false&amp;quot; class=&amp;quot;modalW newForm ng-star-inserted&amp;quot;&amp;gt;...&amp;lt;/div&amp;gt;
  (Session info: chrome=131.0.6778.86)
Build info: version: &amp;apos;4.17.0&amp;apos;, revision: &amp;apos;e52b1be057*&amp;apos;
System info: os.name: &amp;apos;Windows 10&amp;apos;, os.arch: &amp;apos;amd64&amp;apos;, os.version: &amp;apos;10.0&amp;apos;, java.version: &amp;apos;14.0.2&amp;apos;
Driver info: org.openqa.selenium.chrome.ChromeDriver
Command: [47fcece948c03808382e69b65fca1a0f, clickElement {id=f.DFD94A564000AA8BF49D095497B66875.d.7458B1DF79E9C763A13F864EB877E2D9.e.236}]
Capabilities {acceptInsecureCerts: false, browserName: chrome, browserVersion: 131.0.6778.86, chrome: {chromedriverVersion: 131.0.6778.85 (3d81e41b6f3a..., userDataDir: C:\Users\VAISHN~1.T\AppData...}, fedcm:accounts: true, goog:chromeOptions: {debuggerAddress: localhost:63544}, networkConnectionEnabled: false, pageLoadStrategy: normal, platformName: windows, proxy: Proxy(), se:cdp: ws://localhost:63544/devtoo..., se:cdpVersion: 131.0.6778.86, setWindowRect: true, strictFileInteractability: false, timeouts: {implicit: 0, pageLoad: 300000, script: 30000}, unhandledPromptBehavior: dismiss and notify, webauthn:extension:credBlob: true, webauthn:extension:largeBlob: true, webauthn:extension:minPinLength: true, webauthn:extension:prf: true, webauthn:virtualAuthenticators: true}
Element: [[ChromeDriver: chrome on windows (47fcece948c03808382e69b65fca1a0f)] -&amp;gt; xpath: //button[text()=&amp;apos; Submit&amp;apos;]]
Session ID: 47fcece948c03808382e69b65fca1a0f">
      <![CDATA[org.openqa.selenium.ElementClickInterceptedException: element click intercepted: Element <button _ngcontent-ng-c825970263="" class="btn successBtn btn-block ml-3">...</button> is not clickable at point (1227, 442). Other element would receive the click: <div _ngcontent-ng-c1626708692="" id="myModal" role="dialog" data-backdrop="false" class="modalW newForm ng-star-inserted">...</div>
  (Session info: chrome=131.0.6778.86)
Build info: version: '4.17.0', revision: 'e52b1be057*'
System info: os.name: 'Windows 10', os.arch: 'amd64', os.version: '10.0', java.version: '14.0.2'
Driver info: org.openqa.selenium.chrome.ChromeDriver
Command: [47fcece948c03808382e69b65fca1a0f, clickElement {id=f.DFD94A564000AA8BF49D095497B66875.d.7458B1DF79E9C763A13F864EB877E2D9.e.236}]
Capabilities {acceptInsecureCerts: false, browserName: chrome, browserVersion: 131.0.6778.86, chrome: {chromedriverVersion: 131.0.6778.85 (3d81e41b6f3a..., userDataDir: C:\Users\VAISHN~1.T\AppData...}, fedcm:accounts: true, goog:chromeOptions: {debuggerAddress: localhost:63544}, networkConnectionEnabled: false, pageLoadStrategy: normal, platformName: windows, proxy: Proxy(), se:cdp: ws://localhost:63544/devtoo..., se:cdpVersion: 131.0.6778.86, setWindowRect: true, strictFileInteractability: false, timeouts: {implicit: 0, pageLoad: 300000, script: 30000}, unhandledPromptBehavior: dismiss and notify, webauthn:extension:credBlob: true, webauthn:extension:largeBlob: true, webauthn:extension:minPinLength: true, webauthn:extension:prf: true, webauthn:virtualAuthenticators: true}
Element: [[ChromeDriver: chrome on windows (47fcece948c03808382e69b65fca1a0f)] -> xpath: //button[text()=' Submit']]
Session ID: 47fcece948c03808382e69b65fca1a0f
at org.openqa.selenium.remote.codec.w3c.W3CHttpResponseCodec.createException(W3CHttpResponseCodec.java:185)
at org.openqa.selenium.remote.codec.w3c.W3CHttpResponseCodec.decode(W3CHttpResponseCodec.java:134)
at org.openqa.selenium.remote.codec.w3c.W3CHttpResponseCodec.decode(W3CHttpResponseCodec.java:51)
at org.openqa.selenium.remote.HttpCommandExecutor.execute(HttpCommandExecutor.java:190)
at org.openqa.selenium.remote.service.DriverCommandExecutor.invokeExecute(DriverCommandExecutor.java:216)
at org.openqa.selenium.remote.service.DriverCommandExecutor.execute(DriverCommandExecutor.java:174)
at org.openqa.selenium.remote.RemoteWebDriver.execute(RemoteWebDriver.java:519)
at org.openqa.selenium.remote.RemoteWebElement.execute(RemoteWebElement.java:223)
at org.openqa.selenium.remote.RemoteWebElement.click(RemoteWebElement.java:76)
at org.openqa.selenium.support.pagefactory.internal.LocatingElementHandler.invoke(LocatingElementHandler.java:51)
at com.sun.proxy.$Proxy19.click(Unknown Source)
at com.BasicData.BRMSCommonMethods.clickElement(BRMSCommonMethods.java:145)
at com.InitiatorPageObjects.BMRProductDetails.submitactivity(BMRProductDetails.java:497)
at com.InitiatorTestRunner.BMRProductDetailsInitiation.pelletsinitiation(BMRProductDetailsInitiation.java:29)
at java.base/java.util.ArrayList.forEach(ArrayList.java:1511)
... Removed 35 stack frames]]>
    </failure>
  </testcase> <!-- pelletsinitiation -->
  <testcase classname="com.InitiatorTestRunner.BMRProductDetailsInitiation" name="bulkbilayerinitiation" time="0.0">
    <ignored/>
  </testcase> <!-- bulkbilayerinitiation -->
  <testcase classname="com.InitiatorTestRunner.BMRProductDetailsInitiation" name="blendinitiationwithpellets" time="0.0">
    <ignored/>
  </testcase> <!-- blendinitiationwithpellets -->
  <testcase classname="com.InitiatorTestRunner.BMRProductDetailsInitiation" name="pelletsReinitiation" time="0.0">
    <ignored/>
  </testcase> <!-- pelletsReinitiation -->
  <testcase classname="com.InitiatorTestRunner.BMRProductDetailsInitiation" name="blendinitiationwithoutpellets" time="0.0">
    <ignored/>
  </testcase> <!-- blendinitiationwithoutpellets -->
  <testcase classname="com.InitiatorTestRunner.BMRProductDetailsInitiation" name="bulkinitiation" time="0.0">
    <ignored/>
  </testcase> <!-- bulkinitiation -->
  <testcase classname="com.InitiatorTestRunner.BMRProductDetailsInitiation" name="blendReinitiation" time="0.0">
    <ignored/>
  </testcase> <!-- blendReinitiation -->
  <testcase classname="com.InitiatorTestRunner.BMRProductDetailsInitiation" name="bulkReinitiation" time="0.0">
    <ignored/>
  </testcase> <!-- bulkReinitiation -->
</testsuite> <!-- PelletsInitiation -->
