<?xml version="1.0" encoding="UTF-8"?>
<!-- Generated by org.testng.reporters.JUnitXMLReporter -->
<testsuite ignored="5" hostname="AITHCLT046" failures="0" tests="1" name="printRequestReInitiation" time="52.623" errors="0" timestamp="2025-02-06T15:28:07 IST">
  <testcase classname="com.ProductionExecutiveTestRunner.BMRPrintRequestInitiation" name="printRequestReInitiation" time="49.135"/>
  <testcase classname="com.ProductionExecutiveTestRunner.BMRPrintRequestInitiation" name="standalonebulkprintRequestInitiation" time="0.0">
    <ignored/>
  </testcase> <!-- standalonebulkprintRequestInitiation -->
  <testcase classname="com.ProductionExecutiveTestRunner.BMRPrintRequestInitiation" name="printRecievedAcknowledgment" time="0.0">
    <ignored/>
  </testcase> <!-- printRecievedAcknowledgment -->
  <testcase classname="com.ProductionExecutiveTestRunner.BMRPrintRequestInitiation" name="printRequestInitiation" time="0.0">
    <ignored/>
  </testcase> <!-- printRequestInitiation -->
  <testcase classname="com.ProductionExecutiveTestRunner.BMRPrintRequestInitiation" name="commonbulkprintRequestInitiation" time="0.0">
    <ignored/>
  </testcase> <!-- commonbulkprintRequestInitiation -->
  <testcase classname="com.ProductionExecutiveTestRunner.BMRPrintRequestInitiation" name="bilayerbulkprintRequestInitiation" time="0.0">
    <ignored/>
  </testcase> <!-- bilayerbulkprintRequestInitiation -->
</testsuite> <!-- printRequestReInitiation -->
