<?xml version="1.0" encoding="UTF-8"?>
<!-- Generated by org.testng.reporters.JUnitXMLReporter -->
<testsuite ignored="1" hostname="AITHCLT046" failures="0" tests="1" name="print" time="44.447" errors="0" timestamp="2025-02-07T15:11:22 IST">
  <testcase classname="com.QAOfficerTestRunner.BPRPrintIssuanceandPrint" name="print" time="39.665"/>
  <testcase classname="com.QAOfficerTestRunner.BPRPrintIssuanceandPrint" name="issue" time="0.0">
    <ignored/>
  </testcase> <!-- issue -->
</testsuite> <!-- print -->
