<?xml version="1.0" encoding="UTF-8"?>
<!-- Generated by org.testng.reporters.JUnitXMLReporter -->
<testsuite ignored="4" hostname="AILT-100247" failures="0" tests="1" name="printApproval" time="3.901" errors="0" timestamp="2024-12-20T11:36:46 IST">
  <testcase classname="com.QAHODorInchargeTestRunner.BPRPrintReqApproval" name="printApproval" time="0.0">
    <skipped/>
  </testcase> <!-- printApproval -->
  <testcase classname="com.QAHODorInchargeTestRunner.BPRPrintReqApproval" name="printReturntoValidationIncharge" time="0.0">
    <ignored/>
  </testcase> <!-- printReturntoValidationIncharge -->
  <testcase classname="com.QAHODorInchargeTestRunner.BPRPrintReqApproval" name="printReturntoProductionIncharge" time="0.0">
    <ignored/>
  </testcase> <!-- printReturntoProductionIncharge -->
  <testcase classname="com.QAHODorInchargeTestRunner.BPRPrintReqApproval" name="printReturntoExe" time="0.0">
    <ignored/>
  </testcase> <!-- printReturntoExe -->
  <testcase classname="com.QAHODorInchargeTestRunner.BPRPrintReqApproval" name="printReject" time="0.0">
    <ignored/>
  </testcase> <!-- printReject -->
</testsuite> <!-- printApproval -->
