<?xml version="1.0" encoding="UTF-8"?>
<!-- Generated by org.testng.reporters.JUnitXMLReporter -->
<testsuite ignored="2" hostname="AITHCLT046" failures="0" tests="1" name="printReReviewbyIncharge" time="2.408" errors="0" timestamp="2025-02-07T12:11:21 IST">
  <testcase classname="com.ProductionInchargeTestRunner.BPRPrintReview" name="printReReview" time="0.0">
    <skipped/>
  </testcase> <!-- printReReview -->
  <testcase classname="com.ProductionInchargeTestRunner.BPRPrintReview" name="printReturn" time="0.0">
    <ignored/>
  </testcase> <!-- printReturn -->
  <testcase classname="com.ProductionInchargeTestRunner.BPRPrintReview" name="printReview" time="0.0">
    <ignored/>
  </testcase> <!-- printReview -->
</testsuite> <!-- printReReviewbyIncharge -->
