<?xml version="1.0" encoding="UTF-8"?>
<!-- Generated by org.testng.reporters.JUnitXMLReporter -->
<testsuite ignored="1" hostname="AILT-100247" failures="0" tests="1" name="print" time="6.673" errors="0" timestamp="2024-12-20T11:37:00 IST">
  <testcase classname="com.QAOfficerTestRunner.BPRPrintIssuanceandPrint" name="print" time="0.0">
    <skipped/>
  </testcase> <!-- print -->
  <testcase classname="com.QAOfficerTestRunner.BPRPrintIssuanceandPrint" name="issue" time="0.0">
    <ignored/>
  </testcase> <!-- issue -->
</testsuite> <!-- print -->
