<?xml version="1.0" encoding="UTF-8"?>
<!-- Generated by org.testng.reporters.JUnitXMLReporter -->
<testsuite ignored="3" hostname="AITHCLT046" failures="0" tests="1" name="ProductDetailsReturn" time="31.195" errors="0" timestamp="2025-02-06T14:05:07 IST">
  <testcase classname="com.QAHODorInchargeTestRunner.BMRProductDetailsApprovalorReturn" name="hodReturn" time="26.049"/>
  <testcase classname="com.QAHODorInchargeTestRunner.BMRProductDetailsApprovalorReturn" name="bprhodApproval" time="0.0">
    <ignored/>
  </testcase> <!-- bprhodApproval -->
  <testcase classname="com.QAHODorInchargeTestRunner.BMRProductDetailsApprovalorReturn" name="hodApproval" time="0.0">
    <ignored/>
  </testcase> <!-- hodApproval -->
  <testcase classname="com.QAHODorInchargeTestRunner.BMRProductDetailsApprovalorReturn" name="bprhodReturn" time="0.0">
    <ignored/>
  </testcase> <!-- bprhodReturn -->
</testsuite> <!-- ProductDetailsReturn -->
