<?xml version="1.0" encoding="UTF-8"?>
<!-- Generated by org.testng.reporters.JUnitXMLReporter -->
<testsuite ignored="3" hostname="AITHCLT046" failures="0" tests="1" name="ProductDetailsApproval2" time="32.296" errors="0" timestamp="2025-02-06T14:06:12 IST">
  <testcase classname="com.QAHODorInchargeTestRunner.BMRProductDetailsApprovalorReturn" name="hodApproval" time="26.8"/>
  <testcase classname="com.QAHODorInchargeTestRunner.BMRProductDetailsApprovalorReturn" name="bprhodReturn" time="0.0">
    <ignored/>
  </testcase> <!-- bprhodReturn -->
  <testcase classname="com.QAHODorInchargeTestRunner.BMRProductDetailsApprovalorReturn" name="bprhodApproval" time="0.0">
    <ignored/>
  </testcase> <!-- bprhodApproval -->
  <testcase classname="com.QAHODorInchargeTestRunner.BMRProductDetailsApprovalorReturn" name="hodReturn" time="0.0">
    <ignored/>
  </testcase> <!-- hodReturn -->
</testsuite> <!-- ProductDetailsApproval2 -->
