<?xml version="1.0" encoding="UTF-8"?>
<!-- Generated by org.testng.reporters.JUnitXMLReporter -->
<testsuite ignored="1" hostname="AILT-100247" failures="0" tests="1" name="ProductDetailsApproval" time="61.326" errors="0" timestamp="2024-11-18T11:36:24 IST">
  <testcase classname="com.QAHODorInchargeTestRunner.BMRProductDetailsApprovalorReturn" name="HODapproval" time="54.669"/>
  <testcase classname="com.QAHODorInchargeTestRunner.BMRProductDetailsApprovalorReturn" name="HODReturn" time="0.0">
    <ignored/>
  </testcase> <!-- HODReturn -->
</testsuite> <!-- ProductDetailsApproval -->
