<?xml version="1.0" encoding="UTF-8"?>
<!-- Generated by org.testng.reporters.JUnitXMLReporter -->
<testsuite ignored="1" hostname="AITHCLT046" failures="0" tests="1" name="repackingReturn" time="40.718" errors="0" timestamp="2025-01-31T11:20:55 IST">
  <testcase classname="com.IPQATestRunner.BPRRepackingRequestApproval" name="repackingReturn" time="36.17"/>
  <testcase classname="com.IPQATestRunner.BPRRepackingRequestApproval" name="repackingApproval" time="0.0">
    <ignored/>
  </testcase> <!-- repackingApproval -->
</testsuite> <!-- repackingReturn -->
