<?xml version="1.0" encoding="UTF-8"?>
<!-- Generated by org.testng.reporters.JUnitXMLReporter -->
<testsuite ignored="2" hostname="AITHCLT046" failures="0" tests="1" name="rePrintReturn" time="28.955" errors="0" timestamp="2025-02-01T17:11:23 IST">
  <testcase classname="com.QAHODorInchargeTestRunner.BMRRePrintApproval" name="rePrintReturn" time="24.294"/>
  <testcase classname="com.QAHODorInchargeTestRunner.BMRRePrintApproval" name="rePrintReject" time="0.0">
    <ignored/>
  </testcase> <!-- rePrintReject -->
  <testcase classname="com.QAHODorInchargeTestRunner.BMRRePrintApproval" name="rePrintApproval" time="0.0">
    <ignored/>
  </testcase> <!-- rePrintApproval -->
</testsuite> <!-- rePrintReturn -->
