<?xml version="1.0" encoding="UTF-8"?>
<!-- Generated by org.testng.reporters.JUnitXMLReporter -->
<testsuite ignored="2" hostname="AITHCLT046" failures="0" tests="1" name="rePrintApproval" time="29.383" errors="0" timestamp="2025-02-01T17:12:28 IST">
  <testcase classname="com.QAHODorInchargeTestRunner.BMRRePrintApproval" name="rePrintApproval" time="24.95"/>
  <testcase classname="com.QAHODorInchargeTestRunner.BMRRePrintApproval" name="rePrintReject" time="0.0">
    <ignored/>
  </testcase> <!-- rePrintReject -->
  <testcase classname="com.QAHODorInchargeTestRunner.BMRRePrintApproval" name="rePrintReturn" time="0.0">
    <ignored/>
  </testcase> <!-- rePrintReturn -->
</testsuite> <!-- rePrintApproval -->
