<?xml version="1.0" encoding="UTF-8"?>
<!-- Generated by org.testng.reporters.JUnitXMLReporter -->
<testsuite ignored="1" hostname="AILT-100247" failures="0" tests="1" name="ReprintIssue" time="5.268" errors="0" timestamp="2024-12-20T17:23:05 IST">
  <testcase classname="com.QAOfficerTestRunner.BMRReprintIssueandPrint" name="ReprintIssue" time="0.0">
    <skipped/>
  </testcase> <!-- ReprintIssue -->
  <testcase classname="com.QAOfficerTestRunner.BMRReprintIssueandPrint" name="RePrintPrint" time="0.0">
    <ignored/>
  </testcase> <!-- RePrintPrint -->
</testsuite> <!-- ReprintIssue -->
