<?xml version="1.0" encoding="UTF-8"?>
<!-- Generated by org.testng.reporters.JUnitXMLReporter -->
<testsuite ignored="1" hostname="AILT-100247" failures="0" tests="1" name="rePrintReInitiation" time="3.84" errors="0" timestamp="2024-12-20T17:22:55 IST">
  <testcase classname="com.QAOfficerTestRunner.BMRReprintReqInitiation" name="rePrintReInitiation" time="0.0">
    <skipped/>
  </testcase> <!-- rePrintReInitiation -->
  <testcase classname="com.QAOfficerTestRunner.BMRReprintReqInitiation" name="rePrintInitiation" time="0.0">
    <ignored/>
  </testcase> <!-- rePrintInitiation -->
</testsuite> <!-- rePrintReInitiation -->
