<?xml version="1.0" encoding="UTF-8"?>
<!-- Generated by org.testng.reporters.JUnitXMLReporter -->
<testsuite ignored="2" hostname="AILT-100247" failures="0" tests="1" name="rePrintReturn" time="3.702" errors="0" timestamp="2024-12-20T17:22:51 IST">
  <testcase classname="com.QAHODorInchargeTestRunner.BMRRePrintApproval" name="rePrintReturn" time="0.0">
    <skipped/>
  </testcase> <!-- rePrintReturn -->
  <testcase classname="com.QAHODorInchargeTestRunner.BMRRePrintApproval" name="rePrintReject" time="0.0">
    <ignored/>
  </testcase> <!-- rePrintReject -->
  <testcase classname="com.QAHODorInchargeTestRunner.BMRRePrintApproval" name="rePrintApproval" time="0.0">
    <ignored/>
  </testcase> <!-- rePrintApproval -->
</testsuite> <!-- rePrintReturn -->
