<?xml version="1.0" encoding="UTF-8"?>
<!-- Generated by org.testng.reporters.JUnitXMLReporter -->
<testsuite ignored="5" hostname="AILT-100247" failures="0" tests="1" name="StrengthCreation" time="65.073" errors="0" timestamp="2024-10-08T12:34:31 IST">
  <testcase classname="com.MastersTestRunner.StrengthTestRunner" name="strengthcreation" time="59.053"/>
  <testcase classname="com.MastersTestRunner.StrengthTestRunner" name="strengthupdatewithspace" time="0.0">
    <ignored/>
  </testcase> <!-- strengthupdatewithspace -->
  <testcase classname="com.MastersTestRunner.StrengthTestRunner" name="strengthcreatewithspace" time="0.0">
    <ignored/>
  </testcase> <!-- strengthcreatewithspace -->
  <testcase classname="com.MastersTestRunner.StrengthTestRunner" name="strengthupdate" time="0.0">
    <ignored/>
  </testcase> <!-- strengthupdate -->
  <testcase classname="com.MastersTestRunner.StrengthTestRunner" name="existedstrengthcreation" time="0.0">
    <ignored/>
  </testcase> <!-- existedstrengthcreation -->
  <testcase classname="com.MastersTestRunner.StrengthTestRunner" name="strengthdisableenable" time="0.0">
    <ignored/>
  </testcase> <!-- strengthdisableenable -->
</testsuite> <!-- StrengthCreation -->
