<?xml version="1.0" encoding="UTF-8"?>
<!-- Generated by org.testng.reporters.JUnitXMLReporter -->
<testsuite ignored="5" hostname="AILT-100247" failures="0" tests="1" name="StrengthUpdatewithspace" time="43.445" errors="0" timestamp="2024-10-08T12:35:57 IST">
  <testcase classname="com.MastersTestRunner.StrengthTestRunner" name="strengthupdatewithspace" time="38.053"/>
  <testcase classname="com.MastersTestRunner.StrengthTestRunner" name="strengthupdate" time="0.0">
    <ignored/>
  </testcase> <!-- strengthupdate -->
  <testcase classname="com.MastersTestRunner.StrengthTestRunner" name="strengthdisableenable" time="0.0">
    <ignored/>
  </testcase> <!-- strengthdisableenable -->
  <testcase classname="com.MastersTestRunner.StrengthTestRunner" name="existedstrengthcreation" time="0.0">
    <ignored/>
  </testcase> <!-- existedstrengthcreation -->
  <testcase classname="com.MastersTestRunner.StrengthTestRunner" name="strengthcreatewithspace" time="0.0">
    <ignored/>
  </testcase> <!-- strengthcreatewithspace -->
  <testcase classname="com.MastersTestRunner.StrengthTestRunner" name="strengthcreation" time="0.0">
    <ignored/>
  </testcase> <!-- strengthcreation -->
</testsuite> <!-- StrengthUpdatewithspace -->
