<?xml version="1.0" encoding="UTF-8"?>
<!-- Generated by org.testng.reporters.JUnitXMLReporter -->
<testsuite ignored="0" hostname="AITHCLT046" failures="0" tests="0" time="0.022" errors="0" timestamp="2025-02-04T11:58:45 IST">
  <testcase classname="NewTest" name="@BeforeSuite initializereports" time="0.072">
    <failure type="java.lang.NullPointerException" message="Cannot invoke &amp;quot;com.aventstack.extentreports.ExtentReports.attachReporter(com.aventstack.extentreports.observer.ExtentObserver[])&amp;quot; because &amp;quot;NewTest.reports&amp;quot; is null">
      <![CDATA[java.lang.NullPointerException: Cannot invoke "com.aventstack.extentreports.ExtentReports.attachReporter(com.aventstack.extentreports.observer.ExtentObserver[])" because "NewTest.reports" is null
at NewTest.initializereports(NewTest.java:91)
... Removed 17 stack frames]]>
    </failure>
  </testcase> <!-- @BeforeSuite initializereports -->
  <testcase classname="NewTest" name="@BeforeTest setup" time="0.0">
    <skipped/>
  </testcase> <!-- @BeforeTest setup -->
</testsuite>
