<?xml version="1.0" encoding="UTF-8"?>
<!-- Generated by org.testng.reporters.JUnitXMLReporter -->
<testsuite ignored="2" hostname="AILT-100247" failures="0" tests="1" name="BMRPrintbyQAOfficer" time="53.349" errors="0" timestamp="2024-12-18T16:22:23 IST">
  <testcase classname="com.QAOfficerTestRunner.BMRPrintIssuance" name="print" time="46.259"/>
  <testcase classname="com.QAOfficerTestRunner.BMRPrintIssuance" name="issue" time="0.0">
    <ignored/>
  </testcase> <!-- issue -->
  <testcase classname="com.QAOfficerTestRunner.BMRPrintIssuance" name="bulkissue" time="0.0">
    <ignored/>
  </testcase> <!-- bulkissue -->
</testsuite> <!-- BMRPrintbyQAOfficer -->
