<?xml version="1.0" encoding="UTF-8"?>
<!-- Generated by org.testng.reporters.JUnitXMLReporter -->
<testsuite ignored="1" hostname="AILT-100247" failures="0" tests="1" name="MasterApprovalbyProductionIncharge" time="40.556" errors="0" timestamp="2025-01-08T15:54:36 IST">
  <testcase classname="com.ProductionInchargeTestRunner.ProductionInchargeMasterApprovalReview" name="masterApproval" time="32.831"/>
  <testcase classname="com.ProductionInchargeTestRunner.ProductionInchargeMasterApprovalReview" name="masterApprovalReturn" time="0.0">
    <ignored/>
  </testcase> <!-- masterApprovalReturn -->
</testsuite> <!-- MasterApprovalbyProductionIncharge -->
