<?xml version="1.0" encoding="UTF-8"?>
<!-- Generated by org.testng.reporters.JUnitXMLReporter -->
<testsuite ignored="3" hostname="AILT-100247" failures="0" tests="1" name="WithoutCFTBMRDraftInitiation" time="131.754" errors="0" timestamp="2025-01-08T15:53:20 IST">
  <testcase classname="com.InitiatorTestRunner.BMRDraftInitiation" name="draftinitiationwithoutcft" time="124.792"/>
  <testcase classname="com.InitiatorTestRunner.BMRDraftInitiation" name="draftReinitiation" time="0.0">
    <ignored/>
  </testcase> <!-- draftReinitiation -->
  <testcase classname="com.InitiatorTestRunner.BMRDraftInitiation" name="draftinitiation" time="0.0">
    <ignored/>
  </testcase> <!-- draftinitiation -->
  <testcase classname="com.InitiatorTestRunner.BMRDraftInitiation" name="draftinitiation1" time="0.0">
    <ignored/>
  </testcase> <!-- draftinitiation1 -->
</testsuite> <!-- WithoutCFTBMRDraftInitiation -->
