<?xml version="1.0" encoding="UTF-8"?>
<!-- Generated by org.testng.reporters.JUnitXMLReporter -->
<testsuite ignored="2" hostname="AILT-100247" failures="0" tests="1" name="printReviewbyincharge" time="51.756" errors="0" timestamp="2024-12-20T11:14:08 IST">
  <testcase classname="com.ProductionInchargeTestRunner.BPRPrintReview" name="printReview" time="45.068"/>
  <testcase classname="com.ProductionInchargeTestRunner.BPRPrintReview" name="printReturn" time="0.0">
    <ignored/>
  </testcase> <!-- printReturn -->
  <testcase classname="com.ProductionInchargeTestRunner.BPRPrintReview" name="printReReview" time="0.0">
    <ignored/>
  </testcase> <!-- printReReview -->
</testsuite> <!-- printReviewbyincharge -->
