<?xml version="1.0" encoding="UTF-8"?>
<!-- Generated by org.testng.reporters.JUnitXMLReporter -->
<testsuite ignored="8" hostname="AILT-100247" failures="1" tests="1" name="standardbulkinitiation" time="21.962" errors="0" timestamp="2024-12-18T17:31:26 IST">
  <testcase classname="com.InitiatorTestRunner.BMRProductDetailsInitiation" name="standardbulkinitiation" time="9.567">
    <failure type="org.openqa.selenium.ElementClickInterceptedException" message="element click intercepted: Element &amp;lt;button _ngcontent-ng-c1734845796=&amp;quot;&amp;quot; type=&amp;quot;button&amp;quot; class=&amp;quot;btnCreate btn-outline-defualt checkInitiate&amp;quot;&amp;gt;...&amp;lt;/button&amp;gt; is not clickable at point (824, 196). Other element would receive the click: &amp;lt;div _ngcontent-ng-c4290846833=&amp;quot;&amp;quot; class=&amp;quot;ngx-spinner-overlay ng-tns-c4290846833-0 ng-trigger ng-trigger-fadeIn ng-star-inserted ng-animating&amp;quot; style=&amp;quot;background-color: rgba(0, 0, 0, 0.373); z-index: 99999; position: fixed;&amp;quot;&amp;gt;...&amp;lt;/div&amp;gt;
  (Session info: chrome=131.0.6778.140)
Build info: version: &amp;apos;4.17.0&amp;apos;, revision: &amp;apos;e52b1be057*&amp;apos;
System info: os.name: &amp;apos;Windows 10&amp;apos;, os.arch: &amp;apos;amd64&amp;apos;, os.version: &amp;apos;10.0&amp;apos;, java.version: &amp;apos;14.0.2&amp;apos;
Driver info: org.openqa.selenium.chrome.ChromeDriver
Command: [367fc73735822ee9ab0c33fafcd345b9, clickElement {id=f.FDED1F491F9154143D869A5321B47494.d.4A3B09E9DD44C185C88427A306B7A314.e.44}]
Capabilities {acceptInsecureCerts: false, browserName: chrome, browserVersion: 131.0.6778.140, chrome: {chromedriverVersion: 131.0.6778.108 (3b014839fbc..., userDataDir: C:\Users\VAISHN~1.T\AppData...}, fedcm:accounts: true, goog:chromeOptions: {debuggerAddress: localhost:54427}, networkConnectionEnabled: false, pageLoadStrategy: normal, platformName: windows, proxy: Proxy(), se:cdp: ws://localhost:54427/devtoo..., se:cdpVersion: 131.0.6778.140, setWindowRect: true, strictFileInteractability: false, timeouts: {implicit: 0, pageLoad: 300000, script: 30000}, unhandledPromptBehavior: dismiss and notify, webauthn:extension:credBlob: true, webauthn:extension:largeBlob: true, webauthn:extension:minPinLength: true, webauthn:extension:prf: true, webauthn:virtualAuthenticators: true}
Element: [[ChromeDriver: chrome on windows (367fc73735822ee9ab0c33fafcd345b9)] -&amp;gt; xpath: //button[text()=&amp;apos;Create &amp;apos;]]
Session ID: 367fc73735822ee9ab0c33fafcd345b9">
      <![CDATA[org.openqa.selenium.ElementClickInterceptedException: element click intercepted: Element <button _ngcontent-ng-c1734845796="" type="button" class="btnCreate btn-outline-defualt checkInitiate">...</button> is not clickable at point (824, 196). Other element would receive the click: <div _ngcontent-ng-c4290846833="" class="ngx-spinner-overlay ng-tns-c4290846833-0 ng-trigger ng-trigger-fadeIn ng-star-inserted ng-animating" style="background-color: rgba(0, 0, 0, 0.373); z-index: 99999; position: fixed;">...</div>
  (Session info: chrome=131.0.6778.140)
Build info: version: '4.17.0', revision: 'e52b1be057*'
System info: os.name: 'Windows 10', os.arch: 'amd64', os.version: '10.0', java.version: '14.0.2'
Driver info: org.openqa.selenium.chrome.ChromeDriver
Command: [367fc73735822ee9ab0c33fafcd345b9, clickElement {id=f.FDED1F491F9154143D869A5321B47494.d.4A3B09E9DD44C185C88427A306B7A314.e.44}]
Capabilities {acceptInsecureCerts: false, browserName: chrome, browserVersion: 131.0.6778.140, chrome: {chromedriverVersion: 131.0.6778.108 (3b014839fbc..., userDataDir: C:\Users\VAISHN~1.T\AppData...}, fedcm:accounts: true, goog:chromeOptions: {debuggerAddress: localhost:54427}, networkConnectionEnabled: false, pageLoadStrategy: normal, platformName: windows, proxy: Proxy(), se:cdp: ws://localhost:54427/devtoo..., se:cdpVersion: 131.0.6778.140, setWindowRect: true, strictFileInteractability: false, timeouts: {implicit: 0, pageLoad: 300000, script: 30000}, unhandledPromptBehavior: dismiss and notify, webauthn:extension:credBlob: true, webauthn:extension:largeBlob: true, webauthn:extension:minPinLength: true, webauthn:extension:prf: true, webauthn:virtualAuthenticators: true}
Element: [[ChromeDriver: chrome on windows (367fc73735822ee9ab0c33fafcd345b9)] -> xpath: //button[text()='Create ']]
Session ID: 367fc73735822ee9ab0c33fafcd345b9
at org.openqa.selenium.remote.codec.w3c.W3CHttpResponseCodec.createException(W3CHttpResponseCodec.java:185)
at org.openqa.selenium.remote.codec.w3c.W3CHttpResponseCodec.decode(W3CHttpResponseCodec.java:134)
at org.openqa.selenium.remote.codec.w3c.W3CHttpResponseCodec.decode(W3CHttpResponseCodec.java:51)
at org.openqa.selenium.remote.HttpCommandExecutor.execute(HttpCommandExecutor.java:190)
at org.openqa.selenium.remote.service.DriverCommandExecutor.invokeExecute(DriverCommandExecutor.java:216)
at org.openqa.selenium.remote.service.DriverCommandExecutor.execute(DriverCommandExecutor.java:174)
at org.openqa.selenium.remote.RemoteWebDriver.execute(RemoteWebDriver.java:519)
at org.openqa.selenium.remote.RemoteWebElement.execute(RemoteWebElement.java:223)
at org.openqa.selenium.remote.RemoteWebElement.click(RemoteWebElement.java:76)
at org.openqa.selenium.support.pagefactory.internal.LocatingElementHandler.invoke(LocatingElementHandler.java:51)
at com.sun.proxy.$Proxy19.click(Unknown Source)
at com.BasicData.BRMSCommonMethods.clickElement(BRMSCommonMethods.java:145)
at com.InitiatorPageObjects.BMRProductDetails.bulkproductdetailsalertsvalidate(BMRProductDetails.java:523)
at com.InitiatorTestRunner.BMRProductDetailsInitiation.standardbulkinitiation(BMRProductDetailsInitiation.java:54)
at java.base/java.util.ArrayList.forEach(ArrayList.java:1511)
... Removed 37 stack frames]]>
    </failure>
  </testcase> <!-- standardbulkinitiation -->
  <testcase classname="com.InitiatorTestRunner.BMRProductDetailsInitiation" name="blendReinitiation" time="0.0">
    <ignored/>
  </testcase> <!-- blendReinitiation -->
  <testcase classname="com.InitiatorTestRunner.BMRProductDetailsInitiation" name="blendinitiationwithpellets" time="0.0">
    <ignored/>
  </testcase> <!-- blendinitiationwithpellets -->
  <testcase classname="com.InitiatorTestRunner.BMRProductDetailsInitiation" name="blendinitiationwithoutpellets" time="0.0">
    <ignored/>
  </testcase> <!-- blendinitiationwithoutpellets -->
  <testcase classname="com.InitiatorTestRunner.BMRProductDetailsInitiation" name="bulkReinitiation" time="0.0">
    <ignored/>
  </testcase> <!-- bulkReinitiation -->
  <testcase classname="com.InitiatorTestRunner.BMRProductDetailsInitiation" name="pelletsinitiation" time="0.0">
    <ignored/>
  </testcase> <!-- pelletsinitiation -->
  <testcase classname="com.InitiatorTestRunner.BMRProductDetailsInitiation" name="commonbulkinitiation" time="0.0">
    <ignored/>
  </testcase> <!-- commonbulkinitiation -->
  <testcase classname="com.InitiatorTestRunner.BMRProductDetailsInitiation" name="bulkbilayerinitiation" time="0.0">
    <ignored/>
  </testcase> <!-- bulkbilayerinitiation -->
  <testcase classname="com.InitiatorTestRunner.BMRProductDetailsInitiation" name="pelletsReinitiation" time="0.0">
    <ignored/>
  </testcase> <!-- pelletsReinitiation -->
</testsuite> <!-- standardbulkinitiation -->
