<?xml version="1.0" encoding="UTF-8"?>
<testng-results ignored="0" total="2" passed="2" failed="0" skipped="0">
  <reporter-output>
  </reporter-output>
  <suite started-at="2025-07-17T10:04:19 IST" name="Default suite" finished-at="2025-07-17T10:04:40 IST" duration-ms="21334">
    <groups>
    </groups>
    <test started-at="2025-07-17T10:04:19 IST" name="Default test" finished-at="2025-07-17T10:04:40 IST" duration-ms="21334">
      <class name="test">
        <test-method signature="test(java.util.Map)[pri:0, instance:test@ed7f8b4]" started-at="2025-07-17T10:04:20 IST" name="test" data-provider="jsonData" finished-at="2025-07-17T10:04:31 IST" duration-ms="11982" status="PASS">
          <params>
            <param index="0">
              <value>
                <![CDATA[{userid=101229, password=12}]]>
              </value>
            </param>
          </params>
          <reporter-output>
          </reporter-output>
        </test-method> <!-- test -->
        <test-method signature="test(java.util.Map)[pri:0, instance:test@ed7f8b4]" started-at="2025-07-17T10:04:32 IST" name="test" data-provider="jsonData" finished-at="2025-07-17T10:04:40 IST" duration-ms="8769" status="PASS">
          <params>
            <param index="0">
              <value>
                <![CDATA[{userid=100003, password=12}]]>
              </value>
            </param>
          </params>
          <reporter-output>
          </reporter-output>
        </test-method> <!-- test -->
      </class> <!-- test -->
    </test> <!-- Default test -->
  </suite> <!-- Default suite -->
</testng-results>
